                                      1 ;--------------------------------------------------------
                                      2 ; File Created by SDCC : free open source ISO C Compiler 
                                      3 ; Version 4.2.14 #13855 (MINGW32)
                                      4 ;--------------------------------------------------------
                                      5 	.module IAP_SPROM
                                      6 	.optsdcc -mmcs51 --model-small
                                      7 	
                                      8 ;--------------------------------------------------------
                                      9 ; Public variables in this module
                                     10 ;--------------------------------------------------------
                                     11 	.globl _MOSI
                                     12 	.globl _P00
                                     13 	.globl _MISO
                                     14 	.globl _P01
                                     15 	.globl _RXD_1
                                     16 	.globl _P02
                                     17 	.globl _P03
                                     18 	.globl _STADC
                                     19 	.globl _P04
                                     20 	.globl _P05
                                     21 	.globl _TXD
                                     22 	.globl _P06
                                     23 	.globl _RXD
                                     24 	.globl _P07
                                     25 	.globl _IT0
                                     26 	.globl _IE0
                                     27 	.globl _IT1
                                     28 	.globl _IE1
                                     29 	.globl _TR0
                                     30 	.globl _TF0
                                     31 	.globl _TR1
                                     32 	.globl _TF1
                                     33 	.globl _P10
                                     34 	.globl _P11
                                     35 	.globl _P12
                                     36 	.globl _SCL
                                     37 	.globl _P13
                                     38 	.globl _SDA
                                     39 	.globl _P14
                                     40 	.globl _P15
                                     41 	.globl _TXD_1
                                     42 	.globl _P16
                                     43 	.globl _P17
                                     44 	.globl _RI
                                     45 	.globl _TI
                                     46 	.globl _RB8
                                     47 	.globl _TB8
                                     48 	.globl _REN
                                     49 	.globl _SM2
                                     50 	.globl _SM1
                                     51 	.globl _FE
                                     52 	.globl _SM0
                                     53 	.globl _P20
                                     54 	.globl _EX0
                                     55 	.globl _ET0
                                     56 	.globl _EX1
                                     57 	.globl _ET1
                                     58 	.globl _ES
                                     59 	.globl _EBOD
                                     60 	.globl _EADC
                                     61 	.globl _EA
                                     62 	.globl _P30
                                     63 	.globl _P31
                                     64 	.globl _P32
                                     65 	.globl _P33
                                     66 	.globl _P34
                                     67 	.globl _P35
                                     68 	.globl _P36
                                     69 	.globl _P37
                                     70 	.globl _PX0
                                     71 	.globl _PT0
                                     72 	.globl _PX1
                                     73 	.globl _PT1
                                     74 	.globl _PS
                                     75 	.globl _PBOD
                                     76 	.globl _PADC
                                     77 	.globl _I2CPX
                                     78 	.globl _AA
                                     79 	.globl _SI
                                     80 	.globl _STO
                                     81 	.globl _STA
                                     82 	.globl _I2CEN
                                     83 	.globl _CM_RL2
                                     84 	.globl _TR2
                                     85 	.globl _TF2
                                     86 	.globl _P
                                     87 	.globl _OV
                                     88 	.globl _RS0
                                     89 	.globl _RS1
                                     90 	.globl _F0
                                     91 	.globl _AC
                                     92 	.globl _CY
                                     93 	.globl _CLRPWM
                                     94 	.globl _PWMF
                                     95 	.globl _LOAD
                                     96 	.globl _PWMRUN
                                     97 	.globl _ADCHS0
                                     98 	.globl _ADCHS1
                                     99 	.globl _ADCHS2
                                    100 	.globl _ADCHS3
                                    101 	.globl _ETGSEL0
                                    102 	.globl _ETGSEL1
                                    103 	.globl _ADCS
                                    104 	.globl _ADCF
                                    105 	.globl _RI_1
                                    106 	.globl _TI_1
                                    107 	.globl _RB8_1
                                    108 	.globl _TB8_1
                                    109 	.globl _REN_1
                                    110 	.globl _SM2_1
                                    111 	.globl _SM1_1
                                    112 	.globl _FE_1
                                    113 	.globl _SM0_1
                                    114 	.globl _PIPS6
                                    115 	.globl _PIPS5
                                    116 	.globl _PIPS4
                                    117 	.globl _PIPS3
                                    118 	.globl _PIPS2
                                    119 	.globl _PIPS1
                                    120 	.globl _PIPS0
                                    121 	.globl _PIPS7
                                    122 	.globl _SC2CR1
                                    123 	.globl _SC2CR0
                                    124 	.globl _SC1CR1
                                    125 	.globl _SC1CR0
                                    126 	.globl _SC0CR1
                                    127 	.globl _SC0CR0
                                    128 	.globl _SC2TSR
                                    129 	.globl _SC2IS
                                    130 	.globl _SC2IE
                                    131 	.globl _SC2ETURD1
                                    132 	.globl _SC2ETURD0
                                    133 	.globl _SC2EGT
                                    134 	.globl _SC2DR
                                    135 	.globl _SC1TSR
                                    136 	.globl _SC1IS
                                    137 	.globl _SC1IE
                                    138 	.globl _SC1ETURD1
                                    139 	.globl _SC1ETURD0
                                    140 	.globl _SC1EGT
                                    141 	.globl _SC1DR
                                    142 	.globl _SC0TSR
                                    143 	.globl _SC0IS
                                    144 	.globl _SC0IE
                                    145 	.globl _SC0ETURD1
                                    146 	.globl _SC0ETURD0
                                    147 	.globl _SC0EGT
                                    148 	.globl _SC0DR
                                    149 	.globl _XTLCON
                                    150 	.globl _PWM3INTC
                                    151 	.globl _PWM3CON1
                                    152 	.globl _PWM3CON0
                                    153 	.globl _PWM3C1L
                                    154 	.globl _PWM3C0L
                                    155 	.globl _PWM3PL
                                    156 	.globl _EIPH2
                                    157 	.globl _EIP2
                                    158 	.globl _PWM3MEN
                                    159 	.globl _PWM3MD
                                    160 	.globl _PWM3C1H
                                    161 	.globl _PWM3C0H
                                    162 	.globl _PWM3PH
                                    163 	.globl _PWM2INTC
                                    164 	.globl _PWM2CON1
                                    165 	.globl _PWM2CON0
                                    166 	.globl _PWM2C1L
                                    167 	.globl _PWM2C0L
                                    168 	.globl _PWM2PL
                                    169 	.globl _PWM2MEN
                                    170 	.globl _PWM2MD
                                    171 	.globl _PWM2C1H
                                    172 	.globl _PWM2C0H
                                    173 	.globl _PWM2PH
                                    174 	.globl _PIOCON2
                                    175 	.globl _PWM1INTC
                                    176 	.globl _PWM1CON1
                                    177 	.globl _PWM1CON0
                                    178 	.globl _PWM1C1L
                                    179 	.globl _PWM1C0L
                                    180 	.globl _PWM1PL
                                    181 	.globl _PWM1MEN
                                    182 	.globl _PWM1MD
                                    183 	.globl _PWM1C1H
                                    184 	.globl _PWM1C0H
                                    185 	.globl _PWM1PH
                                    186 	.globl _AUXR8
                                    187 	.globl _AUXR7
                                    188 	.globl _AUXR6
                                    189 	.globl _AUXR5
                                    190 	.globl _AUXR4
                                    191 	.globl _AUXR3
                                    192 	.globl _AUXR2
                                    193 	.globl _P3DW
                                    194 	.globl _P2DW
                                    195 	.globl _P1DW
                                    196 	.globl _P0DW
                                    197 	.globl _AINDIDS1
                                    198 	.globl _RWKH
                                    199 	.globl _P3UP
                                    200 	.globl _P2UP
                                    201 	.globl _P1UP
                                    202 	.globl _P0UP
                                    203 	.globl _ADCSR
                                    204 	.globl _ADCCN
                                    205 	.globl _ADCSN
                                    206 	.globl _P2S
                                    207 	.globl _P2SR
                                    208 	.globl _P2M2
                                    209 	.globl _P2M1
                                    210 	.globl _ADCCON3
                                    211 	.globl _ADCBAH
                                    212 	.globl _ADCBAL
                                    213 	.globl _LVRDIS
                                    214 	.globl _SPCR2
                                    215 	.globl _PWM0C5L
                                    216 	.globl _PWM0C4L
                                    217 	.globl _PIOCON1
                                    218 	.globl _PWM0C5H
                                    219 	.globl _PWM0C4H
                                    220 	.globl _PWM0INTC
                                    221 	.globl _P1SR
                                    222 	.globl _P1S
                                    223 	.globl _P0SR
                                    224 	.globl _P0S
                                    225 	.globl _P3SR
                                    226 	.globl _P3S
                                    227 	.globl _EIPH1
                                    228 	.globl _EIP1
                                    229 	.globl _PORDIS
                                    230 	.globl _PWM0MD
                                    231 	.globl _PWM0MEN
                                    232 	.globl _PWM0DTCNT
                                    233 	.globl _PWM0DTEN
                                    234 	.globl _SCON_1
                                    235 	.globl _EIPH
                                    236 	.globl _AINDIDS0
                                    237 	.globl _SPDR
                                    238 	.globl _SPSR
                                    239 	.globl _SPCR
                                    240 	.globl _CAPCON4
                                    241 	.globl _CAPCON3
                                    242 	.globl _B
                                    243 	.globl _EIP
                                    244 	.globl _C2H
                                    245 	.globl _C2L
                                    246 	.globl _PIF
                                    247 	.globl _PIPEN
                                    248 	.globl _PINEN
                                    249 	.globl _PICON
                                    250 	.globl _ADCCON0
                                    251 	.globl _C1H
                                    252 	.globl _C1L
                                    253 	.globl _C0H
                                    254 	.globl _C0L
                                    255 	.globl _ADCDLY
                                    256 	.globl _ADCCON2
                                    257 	.globl _ADCCON1
                                    258 	.globl _ACC
                                    259 	.globl _PWM0CON1
                                    260 	.globl _PIOCON0
                                    261 	.globl _PWM0C3L
                                    262 	.globl _PWM0C2L
                                    263 	.globl _PWM0C1L
                                    264 	.globl _PWM0C0L
                                    265 	.globl _PWM0PL
                                    266 	.globl _PWM0CON0
                                    267 	.globl _PWM0FBD
                                    268 	.globl _PNP
                                    269 	.globl _PWM0C3H
                                    270 	.globl _PWM0C2H
                                    271 	.globl _PWM0C1H
                                    272 	.globl _PWM0C0H
                                    273 	.globl _PWM0PH
                                    274 	.globl _PSW
                                    275 	.globl _ADCMPH
                                    276 	.globl _ADCMPL
                                    277 	.globl _TH2
                                    278 	.globl _TL2
                                    279 	.globl _RCMP2H
                                    280 	.globl _RCMP2L
                                    281 	.globl _T2MOD
                                    282 	.globl _T2CON
                                    283 	.globl _TA
                                    284 	.globl _RH3
                                    285 	.globl _RL3
                                    286 	.globl _T3CON
                                    287 	.globl _ADCRH
                                    288 	.globl _ADCRL
                                    289 	.globl _I2ADDR
                                    290 	.globl _I2CON
                                    291 	.globl _I2TOC
                                    292 	.globl _I2CLK
                                    293 	.globl _I2STAT
                                    294 	.globl _I2DAT
                                    295 	.globl _SADDR_1
                                    296 	.globl _SADEN_1
                                    297 	.globl _SADEN
                                    298 	.globl _IP
                                    299 	.globl _PWMINTC
                                    300 	.globl _IPH
                                    301 	.globl _TOE
                                    302 	.globl _P1M2
                                    303 	.globl _P1M1
                                    304 	.globl _P0M2
                                    305 	.globl _P0M1
                                    306 	.globl _P3
                                    307 	.globl _IAPCN
                                    308 	.globl _IAPFD
                                    309 	.globl _P3M2
                                    310 	.globl _P3M1
                                    311 	.globl _BODCON1
                                    312 	.globl _WDCON
                                    313 	.globl _SADDR
                                    314 	.globl _IE
                                    315 	.globl _IAPAH
                                    316 	.globl _IAPAL
                                    317 	.globl _IAPUEN
                                    318 	.globl _IAPTRG
                                    319 	.globl _BODCON0
                                    320 	.globl _AUXR1
                                    321 	.globl _P2
                                    322 	.globl _CHPCON
                                    323 	.globl _EIE1
                                    324 	.globl _EIE
                                    325 	.globl _SBUF_1
                                    326 	.globl _SBUF
                                    327 	.globl _SCON
                                    328 	.globl _CKEN
                                    329 	.globl _CKSWT
                                    330 	.globl _CKDIV
                                    331 	.globl _CAPCON2
                                    332 	.globl _CAPCON1
                                    333 	.globl _CAPCON0
                                    334 	.globl _SFRS
                                    335 	.globl _P1
                                    336 	.globl _WKCON
                                    337 	.globl _CKCON
                                    338 	.globl _TH1
                                    339 	.globl _TH0
                                    340 	.globl _TL1
                                    341 	.globl _TL0
                                    342 	.globl _TMOD
                                    343 	.globl _TCON
                                    344 	.globl _PCON
                                    345 	.globl _RWK
                                    346 	.globl _RCTRIM1
                                    347 	.globl _RCTRIM0
                                    348 	.globl _DPH
                                    349 	.globl _DPL
                                    350 	.globl _SP
                                    351 	.globl _P0
                                    352 	.globl _IAPSPDataBuf
                                    353 	.globl _Erase_SPROM
                                    354 	.globl _Erase_Verify_SPROM
                                    355 	.globl _Program_SPROM
                                    356 	.globl _Read_Verify_SPROM
                                    357 ;--------------------------------------------------------
                                    358 ; special function registers
                                    359 ;--------------------------------------------------------
                                    360 	.area RSEG    (ABS,DATA)
      000000                        361 	.org 0x0000
                           000080   362 _P0	=	0x0080
                           000081   363 _SP	=	0x0081
                           000082   364 _DPL	=	0x0082
                           000083   365 _DPH	=	0x0083
                           000084   366 _RCTRIM0	=	0x0084
                           000085   367 _RCTRIM1	=	0x0085
                           000086   368 _RWK	=	0x0086
                           000087   369 _PCON	=	0x0087
                           000088   370 _TCON	=	0x0088
                           000089   371 _TMOD	=	0x0089
                           00008A   372 _TL0	=	0x008a
                           00008B   373 _TL1	=	0x008b
                           00008C   374 _TH0	=	0x008c
                           00008D   375 _TH1	=	0x008d
                           00008E   376 _CKCON	=	0x008e
                           00008F   377 _WKCON	=	0x008f
                           000090   378 _P1	=	0x0090
                           000091   379 _SFRS	=	0x0091
                           000092   380 _CAPCON0	=	0x0092
                           000093   381 _CAPCON1	=	0x0093
                           000094   382 _CAPCON2	=	0x0094
                           000095   383 _CKDIV	=	0x0095
                           000096   384 _CKSWT	=	0x0096
                           000097   385 _CKEN	=	0x0097
                           000098   386 _SCON	=	0x0098
                           000099   387 _SBUF	=	0x0099
                           00009A   388 _SBUF_1	=	0x009a
                           00009B   389 _EIE	=	0x009b
                           00009C   390 _EIE1	=	0x009c
                           00009F   391 _CHPCON	=	0x009f
                           0000A0   392 _P2	=	0x00a0
                           0000A2   393 _AUXR1	=	0x00a2
                           0000A3   394 _BODCON0	=	0x00a3
                           0000A4   395 _IAPTRG	=	0x00a4
                           0000A5   396 _IAPUEN	=	0x00a5
                           0000A6   397 _IAPAL	=	0x00a6
                           0000A7   398 _IAPAH	=	0x00a7
                           0000A8   399 _IE	=	0x00a8
                           0000A9   400 _SADDR	=	0x00a9
                           0000AA   401 _WDCON	=	0x00aa
                           0000AB   402 _BODCON1	=	0x00ab
                           0000AC   403 _P3M1	=	0x00ac
                           0000AD   404 _P3M2	=	0x00ad
                           0000AE   405 _IAPFD	=	0x00ae
                           0000AF   406 _IAPCN	=	0x00af
                           0000B0   407 _P3	=	0x00b0
                           0000B1   408 _P0M1	=	0x00b1
                           0000B2   409 _P0M2	=	0x00b2
                           0000B3   410 _P1M1	=	0x00b3
                           0000B4   411 _P1M2	=	0x00b4
                           0000B5   412 _TOE	=	0x00b5
                           0000B7   413 _IPH	=	0x00b7
                           0000B7   414 _PWMINTC	=	0x00b7
                           0000B8   415 _IP	=	0x00b8
                           0000B9   416 _SADEN	=	0x00b9
                           0000BA   417 _SADEN_1	=	0x00ba
                           0000BB   418 _SADDR_1	=	0x00bb
                           0000BC   419 _I2DAT	=	0x00bc
                           0000BD   420 _I2STAT	=	0x00bd
                           0000BE   421 _I2CLK	=	0x00be
                           0000BF   422 _I2TOC	=	0x00bf
                           0000C0   423 _I2CON	=	0x00c0
                           0000C1   424 _I2ADDR	=	0x00c1
                           0000C2   425 _ADCRL	=	0x00c2
                           0000C3   426 _ADCRH	=	0x00c3
                           0000C4   427 _T3CON	=	0x00c4
                           0000C5   428 _RL3	=	0x00c5
                           0000C6   429 _RH3	=	0x00c6
                           0000C7   430 _TA	=	0x00c7
                           0000C8   431 _T2CON	=	0x00c8
                           0000C9   432 _T2MOD	=	0x00c9
                           0000CA   433 _RCMP2L	=	0x00ca
                           0000CB   434 _RCMP2H	=	0x00cb
                           0000CC   435 _TL2	=	0x00cc
                           0000CD   436 _TH2	=	0x00cd
                           0000CE   437 _ADCMPL	=	0x00ce
                           0000CF   438 _ADCMPH	=	0x00cf
                           0000D0   439 _PSW	=	0x00d0
                           0000D1   440 _PWM0PH	=	0x00d1
                           0000D2   441 _PWM0C0H	=	0x00d2
                           0000D3   442 _PWM0C1H	=	0x00d3
                           0000D4   443 _PWM0C2H	=	0x00d4
                           0000D5   444 _PWM0C3H	=	0x00d5
                           0000D6   445 _PNP	=	0x00d6
                           0000D7   446 _PWM0FBD	=	0x00d7
                           0000D8   447 _PWM0CON0	=	0x00d8
                           0000D9   448 _PWM0PL	=	0x00d9
                           0000DA   449 _PWM0C0L	=	0x00da
                           0000DB   450 _PWM0C1L	=	0x00db
                           0000DC   451 _PWM0C2L	=	0x00dc
                           0000DD   452 _PWM0C3L	=	0x00dd
                           0000DE   453 _PIOCON0	=	0x00de
                           0000DF   454 _PWM0CON1	=	0x00df
                           0000E0   455 _ACC	=	0x00e0
                           0000E1   456 _ADCCON1	=	0x00e1
                           0000E2   457 _ADCCON2	=	0x00e2
                           0000E3   458 _ADCDLY	=	0x00e3
                           0000E4   459 _C0L	=	0x00e4
                           0000E5   460 _C0H	=	0x00e5
                           0000E6   461 _C1L	=	0x00e6
                           0000E7   462 _C1H	=	0x00e7
                           0000E8   463 _ADCCON0	=	0x00e8
                           0000E9   464 _PICON	=	0x00e9
                           0000EA   465 _PINEN	=	0x00ea
                           0000EB   466 _PIPEN	=	0x00eb
                           0000EC   467 _PIF	=	0x00ec
                           0000ED   468 _C2L	=	0x00ed
                           0000EE   469 _C2H	=	0x00ee
                           0000EF   470 _EIP	=	0x00ef
                           0000F0   471 _B	=	0x00f0
                           0000F1   472 _CAPCON3	=	0x00f1
                           0000F2   473 _CAPCON4	=	0x00f2
                           0000F3   474 _SPCR	=	0x00f3
                           0000F4   475 _SPSR	=	0x00f4
                           0000F5   476 _SPDR	=	0x00f5
                           0000F6   477 _AINDIDS0	=	0x00f6
                           0000F7   478 _EIPH	=	0x00f7
                           0000F8   479 _SCON_1	=	0x00f8
                           0000F9   480 _PWM0DTEN	=	0x00f9
                           0000FA   481 _PWM0DTCNT	=	0x00fa
                           0000FB   482 _PWM0MEN	=	0x00fb
                           0000FC   483 _PWM0MD	=	0x00fc
                           0000FD   484 _PORDIS	=	0x00fd
                           0000FE   485 _EIP1	=	0x00fe
                           0000FF   486 _EIPH1	=	0x00ff
                           0000AC   487 _P3S	=	0x00ac
                           0000AD   488 _P3SR	=	0x00ad
                           0000B1   489 _P0S	=	0x00b1
                           0000B2   490 _P0SR	=	0x00b2
                           0000B3   491 _P1S	=	0x00b3
                           0000B4   492 _P1SR	=	0x00b4
                           0000B7   493 _PWM0INTC	=	0x00b7
                           0000C4   494 _PWM0C4H	=	0x00c4
                           0000C5   495 _PWM0C5H	=	0x00c5
                           0000C6   496 _PIOCON1	=	0x00c6
                           0000CC   497 _PWM0C4L	=	0x00cc
                           0000CD   498 _PWM0C5L	=	0x00cd
                           0000F3   499 _SPCR2	=	0x00f3
                           0000FF   500 _LVRDIS	=	0x00ff
                           000084   501 _ADCBAL	=	0x0084
                           000085   502 _ADCBAH	=	0x0085
                           000086   503 _ADCCON3	=	0x0086
                           000089   504 _P2M1	=	0x0089
                           00008A   505 _P2M2	=	0x008a
                           00008B   506 _P2SR	=	0x008b
                           00008C   507 _P2S	=	0x008c
                           00008D   508 _ADCSN	=	0x008d
                           00008E   509 _ADCCN	=	0x008e
                           00008F   510 _ADCSR	=	0x008f
                           000092   511 _P0UP	=	0x0092
                           000093   512 _P1UP	=	0x0093
                           000094   513 _P2UP	=	0x0094
                           000095   514 _P3UP	=	0x0095
                           000097   515 _RWKH	=	0x0097
                           000099   516 _AINDIDS1	=	0x0099
                           00009A   517 _P0DW	=	0x009a
                           00009B   518 _P1DW	=	0x009b
                           00009C   519 _P2DW	=	0x009c
                           00009D   520 _P3DW	=	0x009d
                           0000A1   521 _AUXR2	=	0x00a1
                           0000A2   522 _AUXR3	=	0x00a2
                           0000A3   523 _AUXR4	=	0x00a3
                           0000A4   524 _AUXR5	=	0x00a4
                           0000A5   525 _AUXR6	=	0x00a5
                           0000A6   526 _AUXR7	=	0x00a6
                           0000A7   527 _AUXR8	=	0x00a7
                           0000A9   528 _PWM1PH	=	0x00a9
                           0000AA   529 _PWM1C0H	=	0x00aa
                           0000AB   530 _PWM1C1H	=	0x00ab
                           0000AC   531 _PWM1MD	=	0x00ac
                           0000AD   532 _PWM1MEN	=	0x00ad
                           0000B1   533 _PWM1PL	=	0x00b1
                           0000B2   534 _PWM1C0L	=	0x00b2
                           0000B3   535 _PWM1C1L	=	0x00b3
                           0000B4   536 _PWM1CON0	=	0x00b4
                           0000B5   537 _PWM1CON1	=	0x00b5
                           0000B6   538 _PWM1INTC	=	0x00b6
                           0000B7   539 _PIOCON2	=	0x00b7
                           0000B9   540 _PWM2PH	=	0x00b9
                           0000BA   541 _PWM2C0H	=	0x00ba
                           0000BB   542 _PWM2C1H	=	0x00bb
                           0000BC   543 _PWM2MD	=	0x00bc
                           0000BD   544 _PWM2MEN	=	0x00bd
                           0000C1   545 _PWM2PL	=	0x00c1
                           0000C2   546 _PWM2C0L	=	0x00c2
                           0000C3   547 _PWM2C1L	=	0x00c3
                           0000C4   548 _PWM2CON0	=	0x00c4
                           0000C5   549 _PWM2CON1	=	0x00c5
                           0000C6   550 _PWM2INTC	=	0x00c6
                           0000C9   551 _PWM3PH	=	0x00c9
                           0000CA   552 _PWM3C0H	=	0x00ca
                           0000CB   553 _PWM3C1H	=	0x00cb
                           0000CC   554 _PWM3MD	=	0x00cc
                           0000CD   555 _PWM3MEN	=	0x00cd
                           0000CE   556 _EIP2	=	0x00ce
                           0000CF   557 _EIPH2	=	0x00cf
                           0000D1   558 _PWM3PL	=	0x00d1
                           0000D2   559 _PWM3C0L	=	0x00d2
                           0000D3   560 _PWM3C1L	=	0x00d3
                           0000D4   561 _PWM3CON0	=	0x00d4
                           0000D5   562 _PWM3CON1	=	0x00d5
                           0000D6   563 _PWM3INTC	=	0x00d6
                           0000D7   564 _XTLCON	=	0x00d7
                           0000D9   565 _SC0DR	=	0x00d9
                           0000DA   566 _SC0EGT	=	0x00da
                           0000DB   567 _SC0ETURD0	=	0x00db
                           0000DC   568 _SC0ETURD1	=	0x00dc
                           0000DD   569 _SC0IE	=	0x00dd
                           0000DE   570 _SC0IS	=	0x00de
                           0000DF   571 _SC0TSR	=	0x00df
                           0000E1   572 _SC1DR	=	0x00e1
                           0000E2   573 _SC1EGT	=	0x00e2
                           0000E3   574 _SC1ETURD0	=	0x00e3
                           0000E4   575 _SC1ETURD1	=	0x00e4
                           0000E5   576 _SC1IE	=	0x00e5
                           0000E6   577 _SC1IS	=	0x00e6
                           0000E7   578 _SC1TSR	=	0x00e7
                           0000E9   579 _SC2DR	=	0x00e9
                           0000EA   580 _SC2EGT	=	0x00ea
                           0000EB   581 _SC2ETURD0	=	0x00eb
                           0000EC   582 _SC2ETURD1	=	0x00ec
                           0000ED   583 _SC2IE	=	0x00ed
                           0000EE   584 _SC2IS	=	0x00ee
                           0000EF   585 _SC2TSR	=	0x00ef
                           0000F1   586 _SC0CR0	=	0x00f1
                           0000F2   587 _SC0CR1	=	0x00f2
                           0000F3   588 _SC1CR0	=	0x00f3
                           0000F4   589 _SC1CR1	=	0x00f4
                           0000F5   590 _SC2CR0	=	0x00f5
                           0000F6   591 _SC2CR1	=	0x00f6
                           0000F7   592 _PIPS7	=	0x00f7
                           0000F9   593 _PIPS0	=	0x00f9
                           0000FA   594 _PIPS1	=	0x00fa
                           0000FB   595 _PIPS2	=	0x00fb
                           0000FC   596 _PIPS3	=	0x00fc
                           0000FD   597 _PIPS4	=	0x00fd
                           0000FE   598 _PIPS5	=	0x00fe
                           0000FF   599 _PIPS6	=	0x00ff
                                    600 ;--------------------------------------------------------
                                    601 ; special function bits
                                    602 ;--------------------------------------------------------
                                    603 	.area RSEG    (ABS,DATA)
      000000                        604 	.org 0x0000
                           0000FF   605 _SM0_1	=	0x00ff
                           0000FF   606 _FE_1	=	0x00ff
                           0000FE   607 _SM1_1	=	0x00fe
                           0000FD   608 _SM2_1	=	0x00fd
                           0000FC   609 _REN_1	=	0x00fc
                           0000FB   610 _TB8_1	=	0x00fb
                           0000FA   611 _RB8_1	=	0x00fa
                           0000F9   612 _TI_1	=	0x00f9
                           0000F8   613 _RI_1	=	0x00f8
                           0000EF   614 _ADCF	=	0x00ef
                           0000EE   615 _ADCS	=	0x00ee
                           0000ED   616 _ETGSEL1	=	0x00ed
                           0000EC   617 _ETGSEL0	=	0x00ec
                           0000EB   618 _ADCHS3	=	0x00eb
                           0000EA   619 _ADCHS2	=	0x00ea
                           0000E9   620 _ADCHS1	=	0x00e9
                           0000E8   621 _ADCHS0	=	0x00e8
                           0000DF   622 _PWMRUN	=	0x00df
                           0000DE   623 _LOAD	=	0x00de
                           0000DD   624 _PWMF	=	0x00dd
                           0000DC   625 _CLRPWM	=	0x00dc
                           0000D7   626 _CY	=	0x00d7
                           0000D6   627 _AC	=	0x00d6
                           0000D5   628 _F0	=	0x00d5
                           0000D4   629 _RS1	=	0x00d4
                           0000D3   630 _RS0	=	0x00d3
                           0000D2   631 _OV	=	0x00d2
                           0000D0   632 _P	=	0x00d0
                           0000CF   633 _TF2	=	0x00cf
                           0000CA   634 _TR2	=	0x00ca
                           0000C8   635 _CM_RL2	=	0x00c8
                           0000C6   636 _I2CEN	=	0x00c6
                           0000C5   637 _STA	=	0x00c5
                           0000C4   638 _STO	=	0x00c4
                           0000C3   639 _SI	=	0x00c3
                           0000C2   640 _AA	=	0x00c2
                           0000C0   641 _I2CPX	=	0x00c0
                           0000BE   642 _PADC	=	0x00be
                           0000BD   643 _PBOD	=	0x00bd
                           0000BC   644 _PS	=	0x00bc
                           0000BB   645 _PT1	=	0x00bb
                           0000BA   646 _PX1	=	0x00ba
                           0000B9   647 _PT0	=	0x00b9
                           0000B8   648 _PX0	=	0x00b8
                           0000B7   649 _P37	=	0x00b7
                           0000B6   650 _P36	=	0x00b6
                           0000B5   651 _P35	=	0x00b5
                           0000B4   652 _P34	=	0x00b4
                           0000B3   653 _P33	=	0x00b3
                           0000B2   654 _P32	=	0x00b2
                           0000B1   655 _P31	=	0x00b1
                           0000B0   656 _P30	=	0x00b0
                           0000AF   657 _EA	=	0x00af
                           0000AE   658 _EADC	=	0x00ae
                           0000AD   659 _EBOD	=	0x00ad
                           0000AC   660 _ES	=	0x00ac
                           0000AB   661 _ET1	=	0x00ab
                           0000AA   662 _EX1	=	0x00aa
                           0000A9   663 _ET0	=	0x00a9
                           0000A8   664 _EX0	=	0x00a8
                           0000A0   665 _P20	=	0x00a0
                           00009F   666 _SM0	=	0x009f
                           00009F   667 _FE	=	0x009f
                           00009E   668 _SM1	=	0x009e
                           00009D   669 _SM2	=	0x009d
                           00009C   670 _REN	=	0x009c
                           00009B   671 _TB8	=	0x009b
                           00009A   672 _RB8	=	0x009a
                           000099   673 _TI	=	0x0099
                           000098   674 _RI	=	0x0098
                           000097   675 _P17	=	0x0097
                           000096   676 _P16	=	0x0096
                           000096   677 _TXD_1	=	0x0096
                           000095   678 _P15	=	0x0095
                           000094   679 _P14	=	0x0094
                           000094   680 _SDA	=	0x0094
                           000093   681 _P13	=	0x0093
                           000093   682 _SCL	=	0x0093
                           000092   683 _P12	=	0x0092
                           000091   684 _P11	=	0x0091
                           000090   685 _P10	=	0x0090
                           00008F   686 _TF1	=	0x008f
                           00008E   687 _TR1	=	0x008e
                           00008D   688 _TF0	=	0x008d
                           00008C   689 _TR0	=	0x008c
                           00008B   690 _IE1	=	0x008b
                           00008A   691 _IT1	=	0x008a
                           000089   692 _IE0	=	0x0089
                           000088   693 _IT0	=	0x0088
                           000087   694 _P07	=	0x0087
                           000087   695 _RXD	=	0x0087
                           000086   696 _P06	=	0x0086
                           000086   697 _TXD	=	0x0086
                           000085   698 _P05	=	0x0085
                           000084   699 _P04	=	0x0084
                           000084   700 _STADC	=	0x0084
                           000083   701 _P03	=	0x0083
                           000082   702 _P02	=	0x0082
                           000082   703 _RXD_1	=	0x0082
                           000081   704 _P01	=	0x0081
                           000081   705 _MISO	=	0x0081
                           000080   706 _P00	=	0x0080
                           000080   707 _MOSI	=	0x0080
                                    708 ;--------------------------------------------------------
                                    709 ; overlayable register banks
                                    710 ;--------------------------------------------------------
                                    711 	.area REG_BANK_0	(REL,OVR,DATA)
      000000                        712 	.ds 8
                                    713 ;--------------------------------------------------------
                                    714 ; internal ram data
                                    715 ;--------------------------------------------------------
                                    716 	.area DSEG    (DATA)
                                    717 ;--------------------------------------------------------
                                    718 ; overlayable items in internal ram
                                    719 ;--------------------------------------------------------
                                    720 	.area	OSEG    (OVR,DATA)
                                    721 	.area	OSEG    (OVR,DATA)
                                    722 	.area	OSEG    (OVR,DATA)
                                    723 ;--------------------------------------------------------
                                    724 ; indirectly addressable internal ram data
                                    725 ;--------------------------------------------------------
                                    726 	.area ISEG    (DATA)
                                    727 ;--------------------------------------------------------
                                    728 ; absolute internal ram data
                                    729 ;--------------------------------------------------------
                                    730 	.area IABS    (ABS,DATA)
                                    731 	.area IABS    (ABS,DATA)
                                    732 ;--------------------------------------------------------
                                    733 ; bit data
                                    734 ;--------------------------------------------------------
                                    735 	.area BSEG    (BIT)
                                    736 ;--------------------------------------------------------
                                    737 ; paged external ram data
                                    738 ;--------------------------------------------------------
                                    739 	.area PSEG    (PAG,XDATA)
                                    740 ;--------------------------------------------------------
                                    741 ; uninitialized external ram data
                                    742 ;--------------------------------------------------------
                                    743 	.area XSEG    (XDATA)
      000000                        744 _IAPSPDataBuf::
      000000                        745 	.ds 127
                                    746 ;--------------------------------------------------------
                                    747 ; absolute external ram data
                                    748 ;--------------------------------------------------------
                                    749 	.area XABS    (ABS,XDATA)
                                    750 ;--------------------------------------------------------
                                    751 ; initialized external ram data
                                    752 ;--------------------------------------------------------
                                    753 	.area XISEG   (XDATA)
                                    754 	.area HOME    (CODE)
                                    755 	.area GSINIT0 (CODE)
                                    756 	.area GSINIT1 (CODE)
                                    757 	.area GSINIT2 (CODE)
                                    758 	.area GSINIT3 (CODE)
                                    759 	.area GSINIT4 (CODE)
                                    760 	.area GSINIT5 (CODE)
                                    761 	.area GSINIT  (CODE)
                                    762 	.area GSFINAL (CODE)
                                    763 	.area CSEG    (CODE)
                                    764 ;--------------------------------------------------------
                                    765 ; global & static initialisations
                                    766 ;--------------------------------------------------------
                                    767 	.area HOME    (CODE)
                                    768 	.area GSINIT  (CODE)
                                    769 	.area GSFINAL (CODE)
                                    770 	.area GSINIT  (CODE)
                                    771 ;--------------------------------------------------------
                                    772 ; Home
                                    773 ;--------------------------------------------------------
                                    774 	.area HOME    (CODE)
                                    775 	.area HOME    (CODE)
                                    776 ;--------------------------------------------------------
                                    777 ; code
                                    778 ;--------------------------------------------------------
                                    779 	.area CSEG    (CODE)
                                    780 ;------------------------------------------------------------
                                    781 ;Allocation info for local variables in function 'Erase_SPROM'
                                    782 ;------------------------------------------------------------
                                    783 ;	..\..\..\..\..\Library\StdDriver\src\IAP_SPROM.c:26: void Erase_SPROM(void)
                                    784 ;	-----------------------------------------
                                    785 ;	 function Erase_SPROM
                                    786 ;	-----------------------------------------
      000000                        787 _Erase_SPROM:
                           000007   788 	ar7 = 0x07
                           000006   789 	ar6 = 0x06
                           000005   790 	ar5 = 0x05
                           000004   791 	ar4 = 0x04
                           000003   792 	ar3 = 0x03
                           000002   793 	ar2 = 0x02
                           000001   794 	ar1 = 0x01
                           000000   795 	ar0 = 0x00
                                    796 ;	..\..\..\..\..\Library\StdDriver\src\IAP_SPROM.c:29: set_CHPCON_IAPEN;                    // Disable IAP    set_CHPCON_IAPEN;                    // Enable IAP function
      000000 75 91 00         [24]  797 	mov	_SFRS,#0x00
                                    798 ;	assignBit
      000003 A2 AF            [12]  799 	mov	c,_EA
      000005 92*00            [24]  800 	mov	_BIT_TMP,c
                                    801 ;	assignBit
      000007 C2 AF            [12]  802 	clr	_EA
      000009 75 C7 AA         [24]  803 	mov	_TA,#0xaa
      00000C 75 C7 55         [24]  804 	mov	_TA,#0x55
      00000F 43 9F 01         [24]  805 	orl	_CHPCON,#0x01
                                    806 ;	assignBit
      000012 A2*00            [12]  807 	mov	c,_BIT_TMP
      000014 92 AF            [24]  808 	mov	_EA,c
                                    809 ;	..\..\..\..\..\Library\StdDriver\src\IAP_SPROM.c:30: set_IAPUEN_SPMEN;                    //  SPROM memory modify Enable
                                    810 ;	assignBit
      000016 A2 AF            [12]  811 	mov	c,_EA
      000018 92*00            [24]  812 	mov	_BIT_TMP,c
                                    813 ;	assignBit
      00001A C2 AF            [12]  814 	clr	_EA
      00001C 75 C7 AA         [24]  815 	mov	_TA,#0xaa
      00001F 75 C7 55         [24]  816 	mov	_TA,#0x55
      000022 43 A5 10         [24]  817 	orl	_IAPUEN,#0x10
                                    818 ;	assignBit
      000025 A2*00            [12]  819 	mov	c,_BIT_TMP
      000027 92 AF            [24]  820 	mov	_EA,c
                                    821 ;	..\..\..\..\..\Library\StdDriver\src\IAP_SPROM.c:31: set_IAPUEN_SPUEN;                    //  SPROM modify enable
                                    822 ;	assignBit
      000029 A2 AF            [12]  823 	mov	c,_EA
      00002B 92*00            [24]  824 	mov	_BIT_TMP,c
                                    825 ;	assignBit
      00002D C2 AF            [12]  826 	clr	_EA
      00002F 75 C7 AA         [24]  827 	mov	_TA,#0xaa
      000032 75 C7 55         [24]  828 	mov	_TA,#0x55
      000035 43 A5 08         [24]  829 	orl	_IAPUEN,#0x08
                                    830 ;	assignBit
      000038 A2*00            [12]  831 	mov	c,_BIT_TMP
      00003A 92 AF            [24]  832 	mov	_EA,c
                                    833 ;	..\..\..\..\..\Library\StdDriver\src\IAP_SPROM.c:32: IAPFD = 0xFF;                        // IMPORTANT !! To erase function must setting IAPFD = 0xFF
      00003C 75 AE FF         [24]  834 	mov	_IAPFD,#0xff
                                    835 ;	..\..\..\..\..\Library\StdDriver\src\IAP_SPROM.c:33: IAPCN = PAGE_ERASE_SPROM;
      00003F 75 AF A2         [24]  836 	mov	_IAPCN,#0xa2
                                    837 ;	..\..\..\..\..\Library\StdDriver\src\IAP_SPROM.c:35: IAPAL = 0x80;
      000042 75 A6 80         [24]  838 	mov	_IAPAL,#0x80
                                    839 ;	..\..\..\..\..\Library\StdDriver\src\IAP_SPROM.c:36: IAPAH = 0x01;
      000045 75 A7 01         [24]  840 	mov	_IAPAH,#0x01
                                    841 ;	..\..\..\..\..\Library\StdDriver\src\IAP_SPROM.c:37: set_IAPTRG_IAPGO;
      000048 75 91 00         [24]  842 	mov	_SFRS,#0x00
                                    843 ;	assignBit
      00004B A2 AF            [12]  844 	mov	c,_EA
      00004D 92*00            [24]  845 	mov	_BIT_TMP,c
                                    846 ;	assignBit
      00004F C2 AF            [12]  847 	clr	_EA
      000051 75 C7 AA         [24]  848 	mov	_TA,#0xaa
      000054 75 C7 55         [24]  849 	mov	_TA,#0x55
      000057 43 A4 01         [24]  850 	orl	_IAPTRG,#0x01
                                    851 ;	assignBit
      00005A A2*00            [12]  852 	mov	c,_BIT_TMP
      00005C 92 AF            [24]  853 	mov	_EA,c
                                    854 ;	..\..\..\..\..\Library\StdDriver\src\IAP_SPROM.c:39: clr_IAPUEN_SPUEN;                    //  SPROM modify disable
                                    855 ;	assignBit
      00005E A2 AF            [12]  856 	mov	c,_EA
      000060 92*00            [24]  857 	mov	_BIT_TMP,c
                                    858 ;	assignBit
      000062 C2 AF            [12]  859 	clr	_EA
      000064 75 C7 AA         [24]  860 	mov	_TA,#0xaa
      000067 75 C7 55         [24]  861 	mov	_TA,#0x55
      00006A 53 A5 F7         [24]  862 	anl	_IAPUEN,#0xf7
                                    863 ;	assignBit
      00006D A2*00            [12]  864 	mov	c,_BIT_TMP
      00006F 92 AF            [24]  865 	mov	_EA,c
                                    866 ;	..\..\..\..\..\Library\StdDriver\src\IAP_SPROM.c:40: clr_CHPCON_IAPEN;                    // Disable IAP
      000071 75 91 00         [24]  867 	mov	_SFRS,#0x00
                                    868 ;	assignBit
      000074 A2 AF            [12]  869 	mov	c,_EA
      000076 92*00            [24]  870 	mov	_BIT_TMP,c
                                    871 ;	assignBit
      000078 C2 AF            [12]  872 	clr	_EA
      00007A 75 C7 AA         [24]  873 	mov	_TA,#0xaa
      00007D 75 C7 55         [24]  874 	mov	_TA,#0x55
      000080 53 9F FE         [24]  875 	anl	_CHPCON,#0xfe
                                    876 ;	assignBit
      000083 A2*00            [12]  877 	mov	c,_BIT_TMP
      000085 92 AF            [24]  878 	mov	_EA,c
                                    879 ;	..\..\..\..\..\Library\StdDriver\src\IAP_SPROM.c:41: }
      000087 22               [24]  880 	ret
                                    881 ;------------------------------------------------------------
                                    882 ;Allocation info for local variables in function 'Erase_Verify_SPROM'
                                    883 ;------------------------------------------------------------
                                    884 ;u16IAPDataSize            Allocated to registers r6 r7 
                                    885 ;u16Count                  Allocated to registers r4 r5 
                                    886 ;------------------------------------------------------------
                                    887 ;	..\..\..\..\..\Library\StdDriver\src\IAP_SPROM.c:51: void Erase_Verify_SPROM(unsigned int u16IAPDataSize)
                                    888 ;	-----------------------------------------
                                    889 ;	 function Erase_Verify_SPROM
                                    890 ;	-----------------------------------------
      000088                        891 _Erase_Verify_SPROM:
      000088 AE 82            [24]  892 	mov	r6,dpl
      00008A AF 83            [24]  893 	mov	r7,dph
                                    894 ;	..\..\..\..\..\Library\StdDriver\src\IAP_SPROM.c:54: set_CHPCON_IAPEN;
      00008C 75 91 00         [24]  895 	mov	_SFRS,#0x00
                                    896 ;	assignBit
      00008F A2 AF            [12]  897 	mov	c,_EA
      000091 92*00            [24]  898 	mov	_BIT_TMP,c
                                    899 ;	assignBit
      000093 C2 AF            [12]  900 	clr	_EA
      000095 75 C7 AA         [24]  901 	mov	_TA,#0xaa
      000098 75 C7 55         [24]  902 	mov	_TA,#0x55
      00009B 43 9F 01         [24]  903 	orl	_CHPCON,#0x01
                                    904 ;	assignBit
      00009E A2*00            [12]  905 	mov	c,_BIT_TMP
      0000A0 92 AF            [24]  906 	mov	_EA,c
                                    907 ;	..\..\..\..\..\Library\StdDriver\src\IAP_SPROM.c:55: set_IAPUEN_SPMEN;
                                    908 ;	assignBit
      0000A2 A2 AF            [12]  909 	mov	c,_EA
      0000A4 92*00            [24]  910 	mov	_BIT_TMP,c
                                    911 ;	assignBit
      0000A6 C2 AF            [12]  912 	clr	_EA
      0000A8 75 C7 AA         [24]  913 	mov	_TA,#0xaa
      0000AB 75 C7 55         [24]  914 	mov	_TA,#0x55
      0000AE 43 A5 10         [24]  915 	orl	_IAPUEN,#0x10
                                    916 ;	assignBit
      0000B1 A2*00            [12]  917 	mov	c,_BIT_TMP
      0000B3 92 AF            [24]  918 	mov	_EA,c
                                    919 ;	..\..\..\..\..\Library\StdDriver\src\IAP_SPROM.c:57: IAPAH = 0x01;
      0000B5 75 A7 01         [24]  920 	mov	_IAPAH,#0x01
                                    921 ;	..\..\..\..\..\Library\StdDriver\src\IAP_SPROM.c:58: IAPAL = 0x80;
      0000B8 75 A6 80         [24]  922 	mov	_IAPAL,#0x80
                                    923 ;	..\..\..\..\..\Library\StdDriver\src\IAP_SPROM.c:60: IAPCN = BYTE_READ_SPROM;
      0000BB 75 AF 80         [24]  924 	mov	_IAPCN,#0x80
                                    925 ;	..\..\..\..\..\Library\StdDriver\src\IAP_SPROM.c:62: for (u16Count = 0; u16Count < u16IAPDataSize; u16Count++)
      0000BE 7C 00            [12]  926 	mov	r4,#0x00
      0000C0 7D 00            [12]  927 	mov	r5,#0x00
      0000C2                        928 00105$:
      0000C2 C3               [12]  929 	clr	c
      0000C3 EC               [12]  930 	mov	a,r4
      0000C4 9E               [12]  931 	subb	a,r6
      0000C5 ED               [12]  932 	mov	a,r5
      0000C6 9F               [12]  933 	subb	a,r7
      0000C7 50 2A            [24]  934 	jnc	00103$
                                    935 ;	..\..\..\..\..\Library\StdDriver\src\IAP_SPROM.c:64: IAPFD = 0x00;
      0000C9 75 AE 00         [24]  936 	mov	_IAPFD,#0x00
                                    937 ;	..\..\..\..\..\Library\StdDriver\src\IAP_SPROM.c:65: set_IAPTRG_IAPGO;
      0000CC 75 91 00         [24]  938 	mov	_SFRS,#0x00
                                    939 ;	assignBit
      0000CF A2 AF            [12]  940 	mov	c,_EA
      0000D1 92*00            [24]  941 	mov	_BIT_TMP,c
                                    942 ;	assignBit
      0000D3 C2 AF            [12]  943 	clr	_EA
      0000D5 75 C7 AA         [24]  944 	mov	_TA,#0xaa
      0000D8 75 C7 55         [24]  945 	mov	_TA,#0x55
      0000DB 43 A4 01         [24]  946 	orl	_IAPTRG,#0x01
                                    947 ;	assignBit
      0000DE A2*00            [12]  948 	mov	c,_BIT_TMP
      0000E0 92 AF            [24]  949 	mov	_EA,c
                                    950 ;	..\..\..\..\..\Library\StdDriver\src\IAP_SPROM.c:67: if (IAPFD != 0xFF)
      0000E2 74 FF            [12]  951 	mov	a,#0xff
      0000E4 B5 AE 0C         [24]  952 	cjne	a,_IAPFD,00103$
                                    953 ;	..\..\..\..\..\Library\StdDriver\src\IAP_SPROM.c:70: IAPAL++;
      0000E7 E5 A6            [12]  954 	mov	a,_IAPAL
      0000E9 04               [12]  955 	inc	a
      0000EA F5 A6            [12]  956 	mov	_IAPAL,a
                                    957 ;	..\..\..\..\..\Library\StdDriver\src\IAP_SPROM.c:62: for (u16Count = 0; u16Count < u16IAPDataSize; u16Count++)
      0000EC 0C               [12]  958 	inc	r4
      0000ED BC 00 D2         [24]  959 	cjne	r4,#0x00,00105$
      0000F0 0D               [12]  960 	inc	r5
      0000F1 80 CF            [24]  961 	sjmp	00105$
      0000F3                        962 00103$:
                                    963 ;	..\..\..\..\..\Library\StdDriver\src\IAP_SPROM.c:74: clr_CHPCON_IAPEN;
      0000F3 75 91 00         [24]  964 	mov	_SFRS,#0x00
                                    965 ;	assignBit
      0000F6 A2 AF            [12]  966 	mov	c,_EA
      0000F8 92*00            [24]  967 	mov	_BIT_TMP,c
                                    968 ;	assignBit
      0000FA C2 AF            [12]  969 	clr	_EA
      0000FC 75 C7 AA         [24]  970 	mov	_TA,#0xaa
      0000FF 75 C7 55         [24]  971 	mov	_TA,#0x55
      000102 53 9F FE         [24]  972 	anl	_CHPCON,#0xfe
                                    973 ;	assignBit
      000105 A2*00            [12]  974 	mov	c,_BIT_TMP
      000107 92 AF            [24]  975 	mov	_EA,c
                                    976 ;	..\..\..\..\..\Library\StdDriver\src\IAP_SPROM.c:75: }
      000109 22               [24]  977 	ret
                                    978 ;------------------------------------------------------------
                                    979 ;Allocation info for local variables in function 'Program_SPROM'
                                    980 ;------------------------------------------------------------
                                    981 ;u16IAPDataSize            Allocated to registers r6 r7 
                                    982 ;u16Count                  Allocated to registers r4 r5 
                                    983 ;------------------------------------------------------------
                                    984 ;	..\..\..\..\..\Library\StdDriver\src\IAP_SPROM.c:85: void Program_SPROM(unsigned int u16IAPDataSize)
                                    985 ;	-----------------------------------------
                                    986 ;	 function Program_SPROM
                                    987 ;	-----------------------------------------
      00010A                        988 _Program_SPROM:
      00010A AE 82            [24]  989 	mov	r6,dpl
      00010C AF 83            [24]  990 	mov	r7,dph
                                    991 ;	..\..\..\..\..\Library\StdDriver\src\IAP_SPROM.c:89: set_CHPCON_IAPEN;
      00010E 75 91 00         [24]  992 	mov	_SFRS,#0x00
                                    993 ;	assignBit
      000111 A2 AF            [12]  994 	mov	c,_EA
      000113 92*00            [24]  995 	mov	_BIT_TMP,c
                                    996 ;	assignBit
      000115 C2 AF            [12]  997 	clr	_EA
      000117 75 C7 AA         [24]  998 	mov	_TA,#0xaa
      00011A 75 C7 55         [24]  999 	mov	_TA,#0x55
      00011D 43 9F 01         [24] 1000 	orl	_CHPCON,#0x01
                                   1001 ;	assignBit
      000120 A2*00            [12] 1002 	mov	c,_BIT_TMP
      000122 92 AF            [24] 1003 	mov	_EA,c
                                   1004 ;	..\..\..\..\..\Library\StdDriver\src\IAP_SPROM.c:90: set_IAPUEN_SPMEN;                    //  SPROM memory modify Enable
                                   1005 ;	assignBit
      000124 A2 AF            [12] 1006 	mov	c,_EA
      000126 92*00            [24] 1007 	mov	_BIT_TMP,c
                                   1008 ;	assignBit
      000128 C2 AF            [12] 1009 	clr	_EA
      00012A 75 C7 AA         [24] 1010 	mov	_TA,#0xaa
      00012D 75 C7 55         [24] 1011 	mov	_TA,#0x55
      000130 43 A5 10         [24] 1012 	orl	_IAPUEN,#0x10
                                   1013 ;	assignBit
      000133 A2*00            [12] 1014 	mov	c,_BIT_TMP
      000135 92 AF            [24] 1015 	mov	_EA,c
                                   1016 ;	..\..\..\..\..\Library\StdDriver\src\IAP_SPROM.c:91: set_IAPUEN_SPUEN;                    //  SPROM modify enable
                                   1017 ;	assignBit
      000137 A2 AF            [12] 1018 	mov	c,_EA
      000139 92*00            [24] 1019 	mov	_BIT_TMP,c
                                   1020 ;	assignBit
      00013B C2 AF            [12] 1021 	clr	_EA
      00013D 75 C7 AA         [24] 1022 	mov	_TA,#0xaa
      000140 75 C7 55         [24] 1023 	mov	_TA,#0x55
      000143 43 A5 08         [24] 1024 	orl	_IAPUEN,#0x08
                                   1025 ;	assignBit
      000146 A2*00            [12] 1026 	mov	c,_BIT_TMP
      000148 92 AF            [24] 1027 	mov	_EA,c
                                   1028 ;	..\..\..\..\..\Library\StdDriver\src\IAP_SPROM.c:92: IAPAH = 0x01;
      00014A 75 A7 01         [24] 1029 	mov	_IAPAH,#0x01
                                   1030 ;	..\..\..\..\..\Library\StdDriver\src\IAP_SPROM.c:93: IAPAL = 0x80;
      00014D 75 A6 80         [24] 1031 	mov	_IAPAL,#0x80
                                   1032 ;	..\..\..\..\..\Library\StdDriver\src\IAP_SPROM.c:94: IAPCN = BYTE_PROGRAM_SPROM;
      000150 75 AF A1         [24] 1033 	mov	_IAPCN,#0xa1
                                   1034 ;	..\..\..\..\..\Library\StdDriver\src\IAP_SPROM.c:96: for (u16Count = 0; u16Count < u16IAPDataSize; u16Count++)
      000153 7C 00            [12] 1035 	mov	r4,#0x00
      000155 7D 00            [12] 1036 	mov	r5,#0x00
      000157                       1037 00103$:
      000157 C3               [12] 1038 	clr	c
      000158 EC               [12] 1039 	mov	a,r4
      000159 9E               [12] 1040 	subb	a,r6
      00015A ED               [12] 1041 	mov	a,r5
      00015B 9F               [12] 1042 	subb	a,r7
      00015C 50 2F            [24] 1043 	jnc	00101$
                                   1044 ;	..\..\..\..\..\Library\StdDriver\src\IAP_SPROM.c:98: IAPFD = IAPSPDataBuf[u16Count];
      00015E EC               [12] 1045 	mov	a,r4
      00015F 24r00            [12] 1046 	add	a,#_IAPSPDataBuf
      000161 F5 82            [12] 1047 	mov	dpl,a
      000163 ED               [12] 1048 	mov	a,r5
      000164 34s00            [12] 1049 	addc	a,#(_IAPSPDataBuf >> 8)
      000166 F5 83            [12] 1050 	mov	dph,a
      000168 E0               [24] 1051 	movx	a,@dptr
      000169 F5 AE            [12] 1052 	mov	_IAPFD,a
                                   1053 ;	..\..\..\..\..\Library\StdDriver\src\IAP_SPROM.c:99: set_IAPTRG_IAPGO;
      00016B 75 91 00         [24] 1054 	mov	_SFRS,#0x00
                                   1055 ;	assignBit
      00016E A2 AF            [12] 1056 	mov	c,_EA
      000170 92*00            [24] 1057 	mov	_BIT_TMP,c
                                   1058 ;	assignBit
      000172 C2 AF            [12] 1059 	clr	_EA
      000174 75 C7 AA         [24] 1060 	mov	_TA,#0xaa
      000177 75 C7 55         [24] 1061 	mov	_TA,#0x55
      00017A 43 A4 01         [24] 1062 	orl	_IAPTRG,#0x01
                                   1063 ;	assignBit
      00017D A2*00            [12] 1064 	mov	c,_BIT_TMP
      00017F 92 AF            [24] 1065 	mov	_EA,c
                                   1066 ;	..\..\..\..\..\Library\StdDriver\src\IAP_SPROM.c:100: IAPAL++;
      000181 E5 A6            [12] 1067 	mov	a,_IAPAL
      000183 04               [12] 1068 	inc	a
      000184 F5 A6            [12] 1069 	mov	_IAPAL,a
                                   1070 ;	..\..\..\..\..\Library\StdDriver\src\IAP_SPROM.c:96: for (u16Count = 0; u16Count < u16IAPDataSize; u16Count++)
      000186 0C               [12] 1071 	inc	r4
      000187 BC 00 CD         [24] 1072 	cjne	r4,#0x00,00103$
      00018A 0D               [12] 1073 	inc	r5
      00018B 80 CA            [24] 1074 	sjmp	00103$
      00018D                       1075 00101$:
                                   1076 ;	..\..\..\..\..\Library\StdDriver\src\IAP_SPROM.c:103: clr_IAPUEN_SPUEN;                    //  SPROM modify disable
                                   1077 ;	assignBit
      00018D A2 AF            [12] 1078 	mov	c,_EA
      00018F 92*00            [24] 1079 	mov	_BIT_TMP,c
                                   1080 ;	assignBit
      000191 C2 AF            [12] 1081 	clr	_EA
      000193 75 C7 AA         [24] 1082 	mov	_TA,#0xaa
      000196 75 C7 55         [24] 1083 	mov	_TA,#0x55
      000199 53 A5 F7         [24] 1084 	anl	_IAPUEN,#0xf7
                                   1085 ;	assignBit
      00019C A2*00            [12] 1086 	mov	c,_BIT_TMP
      00019E 92 AF            [24] 1087 	mov	_EA,c
                                   1088 ;	..\..\..\..\..\Library\StdDriver\src\IAP_SPROM.c:104: clr_CHPCON_IAPEN;
      0001A0 75 91 00         [24] 1089 	mov	_SFRS,#0x00
                                   1090 ;	assignBit
      0001A3 A2 AF            [12] 1091 	mov	c,_EA
      0001A5 92*00            [24] 1092 	mov	_BIT_TMP,c
                                   1093 ;	assignBit
      0001A7 C2 AF            [12] 1094 	clr	_EA
      0001A9 75 C7 AA         [24] 1095 	mov	_TA,#0xaa
      0001AC 75 C7 55         [24] 1096 	mov	_TA,#0x55
      0001AF 53 9F FE         [24] 1097 	anl	_CHPCON,#0xfe
                                   1098 ;	assignBit
      0001B2 A2*00            [12] 1099 	mov	c,_BIT_TMP
      0001B4 92 AF            [24] 1100 	mov	_EA,c
                                   1101 ;	..\..\..\..\..\Library\StdDriver\src\IAP_SPROM.c:105: }
      0001B6 22               [24] 1102 	ret
                                   1103 ;------------------------------------------------------------
                                   1104 ;Allocation info for local variables in function 'Read_Verify_SPROM'
                                   1105 ;------------------------------------------------------------
                                   1106 ;u16IAPDataSize            Allocated to registers r6 r7 
                                   1107 ;u16Count                  Allocated to registers r4 r5 
                                   1108 ;------------------------------------------------------------
                                   1109 ;	..\..\..\..\..\Library\StdDriver\src\IAP_SPROM.c:116: void Read_Verify_SPROM(unsigned int u16IAPDataSize)
                                   1110 ;	-----------------------------------------
                                   1111 ;	 function Read_Verify_SPROM
                                   1112 ;	-----------------------------------------
      0001B7                       1113 _Read_Verify_SPROM:
      0001B7 AE 82            [24] 1114 	mov	r6,dpl
      0001B9 AF 83            [24] 1115 	mov	r7,dph
                                   1116 ;	..\..\..\..\..\Library\StdDriver\src\IAP_SPROM.c:120: set_CHPCON_IAPEN;
      0001BB 75 91 00         [24] 1117 	mov	_SFRS,#0x00
                                   1118 ;	assignBit
      0001BE A2 AF            [12] 1119 	mov	c,_EA
      0001C0 92*00            [24] 1120 	mov	_BIT_TMP,c
                                   1121 ;	assignBit
      0001C2 C2 AF            [12] 1122 	clr	_EA
      0001C4 75 C7 AA         [24] 1123 	mov	_TA,#0xaa
      0001C7 75 C7 55         [24] 1124 	mov	_TA,#0x55
      0001CA 43 9F 01         [24] 1125 	orl	_CHPCON,#0x01
                                   1126 ;	assignBit
      0001CD A2*00            [12] 1127 	mov	c,_BIT_TMP
      0001CF 92 AF            [24] 1128 	mov	_EA,c
                                   1129 ;	..\..\..\..\..\Library\StdDriver\src\IAP_SPROM.c:121: set_IAPUEN_SPMEN;
                                   1130 ;	assignBit
      0001D1 A2 AF            [12] 1131 	mov	c,_EA
      0001D3 92*00            [24] 1132 	mov	_BIT_TMP,c
                                   1133 ;	assignBit
      0001D5 C2 AF            [12] 1134 	clr	_EA
      0001D7 75 C7 AA         [24] 1135 	mov	_TA,#0xaa
      0001DA 75 C7 55         [24] 1136 	mov	_TA,#0x55
      0001DD 43 A5 10         [24] 1137 	orl	_IAPUEN,#0x10
                                   1138 ;	assignBit
      0001E0 A2*00            [12] 1139 	mov	c,_BIT_TMP
      0001E2 92 AF            [24] 1140 	mov	_EA,c
                                   1141 ;	..\..\..\..\..\Library\StdDriver\src\IAP_SPROM.c:123: IAPAH = 0x01;
      0001E4 75 A7 01         [24] 1142 	mov	_IAPAH,#0x01
                                   1143 ;	..\..\..\..\..\Library\StdDriver\src\IAP_SPROM.c:124: IAPAL = 0x80;
      0001E7 75 A6 80         [24] 1144 	mov	_IAPAL,#0x80
                                   1145 ;	..\..\..\..\..\Library\StdDriver\src\IAP_SPROM.c:125: IAPCN = BYTE_READ_SPROM;
      0001EA 75 AF 80         [24] 1146 	mov	_IAPCN,#0x80
                                   1147 ;	..\..\..\..\..\Library\StdDriver\src\IAP_SPROM.c:127: for (u16Count = 0; u16Count < u16IAPDataSize; u16Count++)
      0001ED 7C 00            [12] 1148 	mov	r4,#0x00
      0001EF 7D 00            [12] 1149 	mov	r5,#0x00
      0001F1                       1150 00105$:
      0001F1 C3               [12] 1151 	clr	c
      0001F2 EC               [12] 1152 	mov	a,r4
      0001F3 9E               [12] 1153 	subb	a,r6
      0001F4 ED               [12] 1154 	mov	a,r5
      0001F5 9F               [12] 1155 	subb	a,r7
      0001F6 50 33            [24] 1156 	jnc	00103$
                                   1157 ;	..\..\..\..\..\Library\StdDriver\src\IAP_SPROM.c:129: IAPFD = 0x00;
      0001F8 75 AE 00         [24] 1158 	mov	_IAPFD,#0x00
                                   1159 ;	..\..\..\..\..\Library\StdDriver\src\IAP_SPROM.c:130: set_IAPTRG_IAPGO;
      0001FB 75 91 00         [24] 1160 	mov	_SFRS,#0x00
                                   1161 ;	assignBit
      0001FE A2 AF            [12] 1162 	mov	c,_EA
      000200 92*00            [24] 1163 	mov	_BIT_TMP,c
                                   1164 ;	assignBit
      000202 C2 AF            [12] 1165 	clr	_EA
      000204 75 C7 AA         [24] 1166 	mov	_TA,#0xaa
      000207 75 C7 55         [24] 1167 	mov	_TA,#0x55
      00020A 43 A4 01         [24] 1168 	orl	_IAPTRG,#0x01
                                   1169 ;	assignBit
      00020D A2*00            [12] 1170 	mov	c,_BIT_TMP
      00020F 92 AF            [24] 1171 	mov	_EA,c
                                   1172 ;	..\..\..\..\..\Library\StdDriver\src\IAP_SPROM.c:132: if (IAPFD != IAPSPDataBuf[u16Count])
      000211 EC               [12] 1173 	mov	a,r4
      000212 24r00            [12] 1174 	add	a,#_IAPSPDataBuf
      000214 F5 82            [12] 1175 	mov	dpl,a
      000216 ED               [12] 1176 	mov	a,r5
      000217 34s00            [12] 1177 	addc	a,#(_IAPSPDataBuf >> 8)
      000219 F5 83            [12] 1178 	mov	dph,a
      00021B E0               [24] 1179 	movx	a,@dptr
      00021C B5 AE 0C         [24] 1180 	cjne	a,_IAPFD,00103$
                                   1181 ;	..\..\..\..\..\Library\StdDriver\src\IAP_SPROM.c:135: IAPAL++;
      00021F E5 A6            [12] 1182 	mov	a,_IAPAL
      000221 04               [12] 1183 	inc	a
      000222 F5 A6            [12] 1184 	mov	_IAPAL,a
                                   1185 ;	..\..\..\..\..\Library\StdDriver\src\IAP_SPROM.c:127: for (u16Count = 0; u16Count < u16IAPDataSize; u16Count++)
      000224 0C               [12] 1186 	inc	r4
      000225 BC 00 C9         [24] 1187 	cjne	r4,#0x00,00105$
      000228 0D               [12] 1188 	inc	r5
      000229 80 C6            [24] 1189 	sjmp	00105$
      00022B                       1190 00103$:
                                   1191 ;	..\..\..\..\..\Library\StdDriver\src\IAP_SPROM.c:138: clr_CHPCON_IAPEN;
      00022B 75 91 00         [24] 1192 	mov	_SFRS,#0x00
                                   1193 ;	assignBit
      00022E A2 AF            [12] 1194 	mov	c,_EA
      000230 92*00            [24] 1195 	mov	_BIT_TMP,c
                                   1196 ;	assignBit
      000232 C2 AF            [12] 1197 	clr	_EA
      000234 75 C7 AA         [24] 1198 	mov	_TA,#0xaa
      000237 75 C7 55         [24] 1199 	mov	_TA,#0x55
      00023A 53 9F FE         [24] 1200 	anl	_CHPCON,#0xfe
                                   1201 ;	assignBit
      00023D A2*00            [12] 1202 	mov	c,_BIT_TMP
      00023F 92 AF            [24] 1203 	mov	_EA,c
                                   1204 ;	..\..\..\..\..\Library\StdDriver\src\IAP_SPROM.c:139: }
      000241 22               [24] 1205 	ret
                                   1206 	.area CSEG    (CODE)
                                   1207 	.area CONST   (CODE)
                                   1208 	.area XINIT   (CODE)
                                   1209 	.area CABS    (ABS,CODE)
