                                      1 ;--------------------------------------------------------
                                      2 ; File Created by SDCC : free open source ISO C Compiler 
                                      3 ; Version 4.2.14 #13855 (MINGW32)
                                      4 ;--------------------------------------------------------
                                      5 	.module watchdog
                                      6 	.optsdcc -mmcs51 --model-small
                                      7 	
                                      8 ;--------------------------------------------------------
                                      9 ; Public variables in this module
                                     10 ;--------------------------------------------------------
                                     11 	.globl _MOSI
                                     12 	.globl _P00
                                     13 	.globl _MISO
                                     14 	.globl _P01
                                     15 	.globl _RXD_1
                                     16 	.globl _P02
                                     17 	.globl _P03
                                     18 	.globl _STADC
                                     19 	.globl _P04
                                     20 	.globl _P05
                                     21 	.globl _TXD
                                     22 	.globl _P06
                                     23 	.globl _RXD
                                     24 	.globl _P07
                                     25 	.globl _IT0
                                     26 	.globl _IE0
                                     27 	.globl _IT1
                                     28 	.globl _IE1
                                     29 	.globl _TR0
                                     30 	.globl _TF0
                                     31 	.globl _TR1
                                     32 	.globl _TF1
                                     33 	.globl _P10
                                     34 	.globl _P11
                                     35 	.globl _P12
                                     36 	.globl _SCL
                                     37 	.globl _P13
                                     38 	.globl _SDA
                                     39 	.globl _P14
                                     40 	.globl _P15
                                     41 	.globl _TXD_1
                                     42 	.globl _P16
                                     43 	.globl _P17
                                     44 	.globl _RI
                                     45 	.globl _TI
                                     46 	.globl _RB8
                                     47 	.globl _TB8
                                     48 	.globl _REN
                                     49 	.globl _SM2
                                     50 	.globl _SM1
                                     51 	.globl _FE
                                     52 	.globl _SM0
                                     53 	.globl _P20
                                     54 	.globl _EX0
                                     55 	.globl _ET0
                                     56 	.globl _EX1
                                     57 	.globl _ET1
                                     58 	.globl _ES
                                     59 	.globl _EBOD
                                     60 	.globl _EADC
                                     61 	.globl _EA
                                     62 	.globl _P30
                                     63 	.globl _P31
                                     64 	.globl _P32
                                     65 	.globl _P33
                                     66 	.globl _P34
                                     67 	.globl _P35
                                     68 	.globl _P36
                                     69 	.globl _P37
                                     70 	.globl _PX0
                                     71 	.globl _PT0
                                     72 	.globl _PX1
                                     73 	.globl _PT1
                                     74 	.globl _PS
                                     75 	.globl _PBOD
                                     76 	.globl _PADC
                                     77 	.globl _I2CPX
                                     78 	.globl _AA
                                     79 	.globl _SI
                                     80 	.globl _STO
                                     81 	.globl _STA
                                     82 	.globl _I2CEN
                                     83 	.globl _CM_RL2
                                     84 	.globl _TR2
                                     85 	.globl _TF2
                                     86 	.globl _P
                                     87 	.globl _OV
                                     88 	.globl _RS0
                                     89 	.globl _RS1
                                     90 	.globl _F0
                                     91 	.globl _AC
                                     92 	.globl _CY
                                     93 	.globl _CLRPWM
                                     94 	.globl _PWMF
                                     95 	.globl _LOAD
                                     96 	.globl _PWMRUN
                                     97 	.globl _ADCHS0
                                     98 	.globl _ADCHS1
                                     99 	.globl _ADCHS2
                                    100 	.globl _ADCHS3
                                    101 	.globl _ETGSEL0
                                    102 	.globl _ETGSEL1
                                    103 	.globl _ADCS
                                    104 	.globl _ADCF
                                    105 	.globl _RI_1
                                    106 	.globl _TI_1
                                    107 	.globl _RB8_1
                                    108 	.globl _TB8_1
                                    109 	.globl _REN_1
                                    110 	.globl _SM2_1
                                    111 	.globl _SM1_1
                                    112 	.globl _FE_1
                                    113 	.globl _SM0_1
                                    114 	.globl _PIPS6
                                    115 	.globl _PIPS5
                                    116 	.globl _PIPS4
                                    117 	.globl _PIPS3
                                    118 	.globl _PIPS2
                                    119 	.globl _PIPS1
                                    120 	.globl _PIPS0
                                    121 	.globl _PIPS7
                                    122 	.globl _SC2CR1
                                    123 	.globl _SC2CR0
                                    124 	.globl _SC1CR1
                                    125 	.globl _SC1CR0
                                    126 	.globl _SC0CR1
                                    127 	.globl _SC0CR0
                                    128 	.globl _SC2TSR
                                    129 	.globl _SC2IS
                                    130 	.globl _SC2IE
                                    131 	.globl _SC2ETURD1
                                    132 	.globl _SC2ETURD0
                                    133 	.globl _SC2EGT
                                    134 	.globl _SC2DR
                                    135 	.globl _SC1TSR
                                    136 	.globl _SC1IS
                                    137 	.globl _SC1IE
                                    138 	.globl _SC1ETURD1
                                    139 	.globl _SC1ETURD0
                                    140 	.globl _SC1EGT
                                    141 	.globl _SC1DR
                                    142 	.globl _SC0TSR
                                    143 	.globl _SC0IS
                                    144 	.globl _SC0IE
                                    145 	.globl _SC0ETURD1
                                    146 	.globl _SC0ETURD0
                                    147 	.globl _SC0EGT
                                    148 	.globl _SC0DR
                                    149 	.globl _XTLCON
                                    150 	.globl _PWM3INTC
                                    151 	.globl _PWM3CON1
                                    152 	.globl _PWM3CON0
                                    153 	.globl _PWM3C1L
                                    154 	.globl _PWM3C0L
                                    155 	.globl _PWM3PL
                                    156 	.globl _EIPH2
                                    157 	.globl _EIP2
                                    158 	.globl _PWM3MEN
                                    159 	.globl _PWM3MD
                                    160 	.globl _PWM3C1H
                                    161 	.globl _PWM3C0H
                                    162 	.globl _PWM3PH
                                    163 	.globl _PWM2INTC
                                    164 	.globl _PWM2CON1
                                    165 	.globl _PWM2CON0
                                    166 	.globl _PWM2C1L
                                    167 	.globl _PWM2C0L
                                    168 	.globl _PWM2PL
                                    169 	.globl _PWM2MEN
                                    170 	.globl _PWM2MD
                                    171 	.globl _PWM2C1H
                                    172 	.globl _PWM2C0H
                                    173 	.globl _PWM2PH
                                    174 	.globl _PIOCON2
                                    175 	.globl _PWM1INTC
                                    176 	.globl _PWM1CON1
                                    177 	.globl _PWM1CON0
                                    178 	.globl _PWM1C1L
                                    179 	.globl _PWM1C0L
                                    180 	.globl _PWM1PL
                                    181 	.globl _PWM1MEN
                                    182 	.globl _PWM1MD
                                    183 	.globl _PWM1C1H
                                    184 	.globl _PWM1C0H
                                    185 	.globl _PWM1PH
                                    186 	.globl _AUXR8
                                    187 	.globl _AUXR7
                                    188 	.globl _AUXR6
                                    189 	.globl _AUXR5
                                    190 	.globl _AUXR4
                                    191 	.globl _AUXR3
                                    192 	.globl _AUXR2
                                    193 	.globl _P3DW
                                    194 	.globl _P2DW
                                    195 	.globl _P1DW
                                    196 	.globl _P0DW
                                    197 	.globl _AINDIDS1
                                    198 	.globl _RWKH
                                    199 	.globl _P3UP
                                    200 	.globl _P2UP
                                    201 	.globl _P1UP
                                    202 	.globl _P0UP
                                    203 	.globl _ADCSR
                                    204 	.globl _ADCCN
                                    205 	.globl _ADCSN
                                    206 	.globl _P2S
                                    207 	.globl _P2SR
                                    208 	.globl _P2M2
                                    209 	.globl _P2M1
                                    210 	.globl _ADCCON3
                                    211 	.globl _ADCBAH
                                    212 	.globl _ADCBAL
                                    213 	.globl _LVRDIS
                                    214 	.globl _SPCR2
                                    215 	.globl _PWM0C5L
                                    216 	.globl _PWM0C4L
                                    217 	.globl _PIOCON1
                                    218 	.globl _PWM0C5H
                                    219 	.globl _PWM0C4H
                                    220 	.globl _PWM0INTC
                                    221 	.globl _P1SR
                                    222 	.globl _P1S
                                    223 	.globl _P0SR
                                    224 	.globl _P0S
                                    225 	.globl _P3SR
                                    226 	.globl _P3S
                                    227 	.globl _EIPH1
                                    228 	.globl _EIP1
                                    229 	.globl _PORDIS
                                    230 	.globl _PWM0MD
                                    231 	.globl _PWM0MEN
                                    232 	.globl _PWM0DTCNT
                                    233 	.globl _PWM0DTEN
                                    234 	.globl _SCON_1
                                    235 	.globl _EIPH
                                    236 	.globl _AINDIDS0
                                    237 	.globl _SPDR
                                    238 	.globl _SPSR
                                    239 	.globl _SPCR
                                    240 	.globl _CAPCON4
                                    241 	.globl _CAPCON3
                                    242 	.globl _B
                                    243 	.globl _EIP
                                    244 	.globl _C2H
                                    245 	.globl _C2L
                                    246 	.globl _PIF
                                    247 	.globl _PIPEN
                                    248 	.globl _PINEN
                                    249 	.globl _PICON
                                    250 	.globl _ADCCON0
                                    251 	.globl _C1H
                                    252 	.globl _C1L
                                    253 	.globl _C0H
                                    254 	.globl _C0L
                                    255 	.globl _ADCDLY
                                    256 	.globl _ADCCON2
                                    257 	.globl _ADCCON1
                                    258 	.globl _ACC
                                    259 	.globl _PWM0CON1
                                    260 	.globl _PIOCON0
                                    261 	.globl _PWM0C3L
                                    262 	.globl _PWM0C2L
                                    263 	.globl _PWM0C1L
                                    264 	.globl _PWM0C0L
                                    265 	.globl _PWM0PL
                                    266 	.globl _PWM0CON0
                                    267 	.globl _PWM0FBD
                                    268 	.globl _PNP
                                    269 	.globl _PWM0C3H
                                    270 	.globl _PWM0C2H
                                    271 	.globl _PWM0C1H
                                    272 	.globl _PWM0C0H
                                    273 	.globl _PWM0PH
                                    274 	.globl _PSW
                                    275 	.globl _ADCMPH
                                    276 	.globl _ADCMPL
                                    277 	.globl _TH2
                                    278 	.globl _TL2
                                    279 	.globl _RCMP2H
                                    280 	.globl _RCMP2L
                                    281 	.globl _T2MOD
                                    282 	.globl _T2CON
                                    283 	.globl _TA
                                    284 	.globl _RH3
                                    285 	.globl _RL3
                                    286 	.globl _T3CON
                                    287 	.globl _ADCRH
                                    288 	.globl _ADCRL
                                    289 	.globl _I2ADDR
                                    290 	.globl _I2CON
                                    291 	.globl _I2TOC
                                    292 	.globl _I2CLK
                                    293 	.globl _I2STAT
                                    294 	.globl _I2DAT
                                    295 	.globl _SADDR_1
                                    296 	.globl _SADEN_1
                                    297 	.globl _SADEN
                                    298 	.globl _IP
                                    299 	.globl _PWMINTC
                                    300 	.globl _IPH
                                    301 	.globl _TOE
                                    302 	.globl _P1M2
                                    303 	.globl _P1M1
                                    304 	.globl _P0M2
                                    305 	.globl _P0M1
                                    306 	.globl _P3
                                    307 	.globl _IAPCN
                                    308 	.globl _IAPFD
                                    309 	.globl _P3M2
                                    310 	.globl _P3M1
                                    311 	.globl _BODCON1
                                    312 	.globl _WDCON
                                    313 	.globl _SADDR
                                    314 	.globl _IE
                                    315 	.globl _IAPAH
                                    316 	.globl _IAPAL
                                    317 	.globl _IAPUEN
                                    318 	.globl _IAPTRG
                                    319 	.globl _BODCON0
                                    320 	.globl _AUXR1
                                    321 	.globl _P2
                                    322 	.globl _CHPCON
                                    323 	.globl _EIE1
                                    324 	.globl _EIE
                                    325 	.globl _SBUF_1
                                    326 	.globl _SBUF
                                    327 	.globl _SCON
                                    328 	.globl _CKEN
                                    329 	.globl _CKSWT
                                    330 	.globl _CKDIV
                                    331 	.globl _CAPCON2
                                    332 	.globl _CAPCON1
                                    333 	.globl _CAPCON0
                                    334 	.globl _SFRS
                                    335 	.globl _P1
                                    336 	.globl _WKCON
                                    337 	.globl _CKCON
                                    338 	.globl _TH1
                                    339 	.globl _TH0
                                    340 	.globl _TL1
                                    341 	.globl _TL0
                                    342 	.globl _TMOD
                                    343 	.globl _TCON
                                    344 	.globl _PCON
                                    345 	.globl _RWK
                                    346 	.globl _RCTRIM1
                                    347 	.globl _RCTRIM0
                                    348 	.globl _DPH
                                    349 	.globl _DPL
                                    350 	.globl _SP
                                    351 	.globl _P0
                                    352 	.globl _Enable_WDT_Reset_Config
                                    353 	.globl _Disable_WDT_Reset_Config
                                    354 ;--------------------------------------------------------
                                    355 ; special function registers
                                    356 ;--------------------------------------------------------
                                    357 	.area RSEG    (ABS,DATA)
      000000                        358 	.org 0x0000
                           000080   359 _P0	=	0x0080
                           000081   360 _SP	=	0x0081
                           000082   361 _DPL	=	0x0082
                           000083   362 _DPH	=	0x0083
                           000084   363 _RCTRIM0	=	0x0084
                           000085   364 _RCTRIM1	=	0x0085
                           000086   365 _RWK	=	0x0086
                           000087   366 _PCON	=	0x0087
                           000088   367 _TCON	=	0x0088
                           000089   368 _TMOD	=	0x0089
                           00008A   369 _TL0	=	0x008a
                           00008B   370 _TL1	=	0x008b
                           00008C   371 _TH0	=	0x008c
                           00008D   372 _TH1	=	0x008d
                           00008E   373 _CKCON	=	0x008e
                           00008F   374 _WKCON	=	0x008f
                           000090   375 _P1	=	0x0090
                           000091   376 _SFRS	=	0x0091
                           000092   377 _CAPCON0	=	0x0092
                           000093   378 _CAPCON1	=	0x0093
                           000094   379 _CAPCON2	=	0x0094
                           000095   380 _CKDIV	=	0x0095
                           000096   381 _CKSWT	=	0x0096
                           000097   382 _CKEN	=	0x0097
                           000098   383 _SCON	=	0x0098
                           000099   384 _SBUF	=	0x0099
                           00009A   385 _SBUF_1	=	0x009a
                           00009B   386 _EIE	=	0x009b
                           00009C   387 _EIE1	=	0x009c
                           00009F   388 _CHPCON	=	0x009f
                           0000A0   389 _P2	=	0x00a0
                           0000A2   390 _AUXR1	=	0x00a2
                           0000A3   391 _BODCON0	=	0x00a3
                           0000A4   392 _IAPTRG	=	0x00a4
                           0000A5   393 _IAPUEN	=	0x00a5
                           0000A6   394 _IAPAL	=	0x00a6
                           0000A7   395 _IAPAH	=	0x00a7
                           0000A8   396 _IE	=	0x00a8
                           0000A9   397 _SADDR	=	0x00a9
                           0000AA   398 _WDCON	=	0x00aa
                           0000AB   399 _BODCON1	=	0x00ab
                           0000AC   400 _P3M1	=	0x00ac
                           0000AD   401 _P3M2	=	0x00ad
                           0000AE   402 _IAPFD	=	0x00ae
                           0000AF   403 _IAPCN	=	0x00af
                           0000B0   404 _P3	=	0x00b0
                           0000B1   405 _P0M1	=	0x00b1
                           0000B2   406 _P0M2	=	0x00b2
                           0000B3   407 _P1M1	=	0x00b3
                           0000B4   408 _P1M2	=	0x00b4
                           0000B5   409 _TOE	=	0x00b5
                           0000B7   410 _IPH	=	0x00b7
                           0000B7   411 _PWMINTC	=	0x00b7
                           0000B8   412 _IP	=	0x00b8
                           0000B9   413 _SADEN	=	0x00b9
                           0000BA   414 _SADEN_1	=	0x00ba
                           0000BB   415 _SADDR_1	=	0x00bb
                           0000BC   416 _I2DAT	=	0x00bc
                           0000BD   417 _I2STAT	=	0x00bd
                           0000BE   418 _I2CLK	=	0x00be
                           0000BF   419 _I2TOC	=	0x00bf
                           0000C0   420 _I2CON	=	0x00c0
                           0000C1   421 _I2ADDR	=	0x00c1
                           0000C2   422 _ADCRL	=	0x00c2
                           0000C3   423 _ADCRH	=	0x00c3
                           0000C4   424 _T3CON	=	0x00c4
                           0000C5   425 _RL3	=	0x00c5
                           0000C6   426 _RH3	=	0x00c6
                           0000C7   427 _TA	=	0x00c7
                           0000C8   428 _T2CON	=	0x00c8
                           0000C9   429 _T2MOD	=	0x00c9
                           0000CA   430 _RCMP2L	=	0x00ca
                           0000CB   431 _RCMP2H	=	0x00cb
                           0000CC   432 _TL2	=	0x00cc
                           0000CD   433 _TH2	=	0x00cd
                           0000CE   434 _ADCMPL	=	0x00ce
                           0000CF   435 _ADCMPH	=	0x00cf
                           0000D0   436 _PSW	=	0x00d0
                           0000D1   437 _PWM0PH	=	0x00d1
                           0000D2   438 _PWM0C0H	=	0x00d2
                           0000D3   439 _PWM0C1H	=	0x00d3
                           0000D4   440 _PWM0C2H	=	0x00d4
                           0000D5   441 _PWM0C3H	=	0x00d5
                           0000D6   442 _PNP	=	0x00d6
                           0000D7   443 _PWM0FBD	=	0x00d7
                           0000D8   444 _PWM0CON0	=	0x00d8
                           0000D9   445 _PWM0PL	=	0x00d9
                           0000DA   446 _PWM0C0L	=	0x00da
                           0000DB   447 _PWM0C1L	=	0x00db
                           0000DC   448 _PWM0C2L	=	0x00dc
                           0000DD   449 _PWM0C3L	=	0x00dd
                           0000DE   450 _PIOCON0	=	0x00de
                           0000DF   451 _PWM0CON1	=	0x00df
                           0000E0   452 _ACC	=	0x00e0
                           0000E1   453 _ADCCON1	=	0x00e1
                           0000E2   454 _ADCCON2	=	0x00e2
                           0000E3   455 _ADCDLY	=	0x00e3
                           0000E4   456 _C0L	=	0x00e4
                           0000E5   457 _C0H	=	0x00e5
                           0000E6   458 _C1L	=	0x00e6
                           0000E7   459 _C1H	=	0x00e7
                           0000E8   460 _ADCCON0	=	0x00e8
                           0000E9   461 _PICON	=	0x00e9
                           0000EA   462 _PINEN	=	0x00ea
                           0000EB   463 _PIPEN	=	0x00eb
                           0000EC   464 _PIF	=	0x00ec
                           0000ED   465 _C2L	=	0x00ed
                           0000EE   466 _C2H	=	0x00ee
                           0000EF   467 _EIP	=	0x00ef
                           0000F0   468 _B	=	0x00f0
                           0000F1   469 _CAPCON3	=	0x00f1
                           0000F2   470 _CAPCON4	=	0x00f2
                           0000F3   471 _SPCR	=	0x00f3
                           0000F4   472 _SPSR	=	0x00f4
                           0000F5   473 _SPDR	=	0x00f5
                           0000F6   474 _AINDIDS0	=	0x00f6
                           0000F7   475 _EIPH	=	0x00f7
                           0000F8   476 _SCON_1	=	0x00f8
                           0000F9   477 _PWM0DTEN	=	0x00f9
                           0000FA   478 _PWM0DTCNT	=	0x00fa
                           0000FB   479 _PWM0MEN	=	0x00fb
                           0000FC   480 _PWM0MD	=	0x00fc
                           0000FD   481 _PORDIS	=	0x00fd
                           0000FE   482 _EIP1	=	0x00fe
                           0000FF   483 _EIPH1	=	0x00ff
                           0000AC   484 _P3S	=	0x00ac
                           0000AD   485 _P3SR	=	0x00ad
                           0000B1   486 _P0S	=	0x00b1
                           0000B2   487 _P0SR	=	0x00b2
                           0000B3   488 _P1S	=	0x00b3
                           0000B4   489 _P1SR	=	0x00b4
                           0000B7   490 _PWM0INTC	=	0x00b7
                           0000C4   491 _PWM0C4H	=	0x00c4
                           0000C5   492 _PWM0C5H	=	0x00c5
                           0000C6   493 _PIOCON1	=	0x00c6
                           0000CC   494 _PWM0C4L	=	0x00cc
                           0000CD   495 _PWM0C5L	=	0x00cd
                           0000F3   496 _SPCR2	=	0x00f3
                           0000FF   497 _LVRDIS	=	0x00ff
                           000084   498 _ADCBAL	=	0x0084
                           000085   499 _ADCBAH	=	0x0085
                           000086   500 _ADCCON3	=	0x0086
                           000089   501 _P2M1	=	0x0089
                           00008A   502 _P2M2	=	0x008a
                           00008B   503 _P2SR	=	0x008b
                           00008C   504 _P2S	=	0x008c
                           00008D   505 _ADCSN	=	0x008d
                           00008E   506 _ADCCN	=	0x008e
                           00008F   507 _ADCSR	=	0x008f
                           000092   508 _P0UP	=	0x0092
                           000093   509 _P1UP	=	0x0093
                           000094   510 _P2UP	=	0x0094
                           000095   511 _P3UP	=	0x0095
                           000097   512 _RWKH	=	0x0097
                           000099   513 _AINDIDS1	=	0x0099
                           00009A   514 _P0DW	=	0x009a
                           00009B   515 _P1DW	=	0x009b
                           00009C   516 _P2DW	=	0x009c
                           00009D   517 _P3DW	=	0x009d
                           0000A1   518 _AUXR2	=	0x00a1
                           0000A2   519 _AUXR3	=	0x00a2
                           0000A3   520 _AUXR4	=	0x00a3
                           0000A4   521 _AUXR5	=	0x00a4
                           0000A5   522 _AUXR6	=	0x00a5
                           0000A6   523 _AUXR7	=	0x00a6
                           0000A7   524 _AUXR8	=	0x00a7
                           0000A9   525 _PWM1PH	=	0x00a9
                           0000AA   526 _PWM1C0H	=	0x00aa
                           0000AB   527 _PWM1C1H	=	0x00ab
                           0000AC   528 _PWM1MD	=	0x00ac
                           0000AD   529 _PWM1MEN	=	0x00ad
                           0000B1   530 _PWM1PL	=	0x00b1
                           0000B2   531 _PWM1C0L	=	0x00b2
                           0000B3   532 _PWM1C1L	=	0x00b3
                           0000B4   533 _PWM1CON0	=	0x00b4
                           0000B5   534 _PWM1CON1	=	0x00b5
                           0000B6   535 _PWM1INTC	=	0x00b6
                           0000B7   536 _PIOCON2	=	0x00b7
                           0000B9   537 _PWM2PH	=	0x00b9
                           0000BA   538 _PWM2C0H	=	0x00ba
                           0000BB   539 _PWM2C1H	=	0x00bb
                           0000BC   540 _PWM2MD	=	0x00bc
                           0000BD   541 _PWM2MEN	=	0x00bd
                           0000C1   542 _PWM2PL	=	0x00c1
                           0000C2   543 _PWM2C0L	=	0x00c2
                           0000C3   544 _PWM2C1L	=	0x00c3
                           0000C4   545 _PWM2CON0	=	0x00c4
                           0000C5   546 _PWM2CON1	=	0x00c5
                           0000C6   547 _PWM2INTC	=	0x00c6
                           0000C9   548 _PWM3PH	=	0x00c9
                           0000CA   549 _PWM3C0H	=	0x00ca
                           0000CB   550 _PWM3C1H	=	0x00cb
                           0000CC   551 _PWM3MD	=	0x00cc
                           0000CD   552 _PWM3MEN	=	0x00cd
                           0000CE   553 _EIP2	=	0x00ce
                           0000CF   554 _EIPH2	=	0x00cf
                           0000D1   555 _PWM3PL	=	0x00d1
                           0000D2   556 _PWM3C0L	=	0x00d2
                           0000D3   557 _PWM3C1L	=	0x00d3
                           0000D4   558 _PWM3CON0	=	0x00d4
                           0000D5   559 _PWM3CON1	=	0x00d5
                           0000D6   560 _PWM3INTC	=	0x00d6
                           0000D7   561 _XTLCON	=	0x00d7
                           0000D9   562 _SC0DR	=	0x00d9
                           0000DA   563 _SC0EGT	=	0x00da
                           0000DB   564 _SC0ETURD0	=	0x00db
                           0000DC   565 _SC0ETURD1	=	0x00dc
                           0000DD   566 _SC0IE	=	0x00dd
                           0000DE   567 _SC0IS	=	0x00de
                           0000DF   568 _SC0TSR	=	0x00df
                           0000E1   569 _SC1DR	=	0x00e1
                           0000E2   570 _SC1EGT	=	0x00e2
                           0000E3   571 _SC1ETURD0	=	0x00e3
                           0000E4   572 _SC1ETURD1	=	0x00e4
                           0000E5   573 _SC1IE	=	0x00e5
                           0000E6   574 _SC1IS	=	0x00e6
                           0000E7   575 _SC1TSR	=	0x00e7
                           0000E9   576 _SC2DR	=	0x00e9
                           0000EA   577 _SC2EGT	=	0x00ea
                           0000EB   578 _SC2ETURD0	=	0x00eb
                           0000EC   579 _SC2ETURD1	=	0x00ec
                           0000ED   580 _SC2IE	=	0x00ed
                           0000EE   581 _SC2IS	=	0x00ee
                           0000EF   582 _SC2TSR	=	0x00ef
                           0000F1   583 _SC0CR0	=	0x00f1
                           0000F2   584 _SC0CR1	=	0x00f2
                           0000F3   585 _SC1CR0	=	0x00f3
                           0000F4   586 _SC1CR1	=	0x00f4
                           0000F5   587 _SC2CR0	=	0x00f5
                           0000F6   588 _SC2CR1	=	0x00f6
                           0000F7   589 _PIPS7	=	0x00f7
                           0000F9   590 _PIPS0	=	0x00f9
                           0000FA   591 _PIPS1	=	0x00fa
                           0000FB   592 _PIPS2	=	0x00fb
                           0000FC   593 _PIPS3	=	0x00fc
                           0000FD   594 _PIPS4	=	0x00fd
                           0000FE   595 _PIPS5	=	0x00fe
                           0000FF   596 _PIPS6	=	0x00ff
                                    597 ;--------------------------------------------------------
                                    598 ; special function bits
                                    599 ;--------------------------------------------------------
                                    600 	.area RSEG    (ABS,DATA)
      000000                        601 	.org 0x0000
                           0000FF   602 _SM0_1	=	0x00ff
                           0000FF   603 _FE_1	=	0x00ff
                           0000FE   604 _SM1_1	=	0x00fe
                           0000FD   605 _SM2_1	=	0x00fd
                           0000FC   606 _REN_1	=	0x00fc
                           0000FB   607 _TB8_1	=	0x00fb
                           0000FA   608 _RB8_1	=	0x00fa
                           0000F9   609 _TI_1	=	0x00f9
                           0000F8   610 _RI_1	=	0x00f8
                           0000EF   611 _ADCF	=	0x00ef
                           0000EE   612 _ADCS	=	0x00ee
                           0000ED   613 _ETGSEL1	=	0x00ed
                           0000EC   614 _ETGSEL0	=	0x00ec
                           0000EB   615 _ADCHS3	=	0x00eb
                           0000EA   616 _ADCHS2	=	0x00ea
                           0000E9   617 _ADCHS1	=	0x00e9
                           0000E8   618 _ADCHS0	=	0x00e8
                           0000DF   619 _PWMRUN	=	0x00df
                           0000DE   620 _LOAD	=	0x00de
                           0000DD   621 _PWMF	=	0x00dd
                           0000DC   622 _CLRPWM	=	0x00dc
                           0000D7   623 _CY	=	0x00d7
                           0000D6   624 _AC	=	0x00d6
                           0000D5   625 _F0	=	0x00d5
                           0000D4   626 _RS1	=	0x00d4
                           0000D3   627 _RS0	=	0x00d3
                           0000D2   628 _OV	=	0x00d2
                           0000D0   629 _P	=	0x00d0
                           0000CF   630 _TF2	=	0x00cf
                           0000CA   631 _TR2	=	0x00ca
                           0000C8   632 _CM_RL2	=	0x00c8
                           0000C6   633 _I2CEN	=	0x00c6
                           0000C5   634 _STA	=	0x00c5
                           0000C4   635 _STO	=	0x00c4
                           0000C3   636 _SI	=	0x00c3
                           0000C2   637 _AA	=	0x00c2
                           0000C0   638 _I2CPX	=	0x00c0
                           0000BE   639 _PADC	=	0x00be
                           0000BD   640 _PBOD	=	0x00bd
                           0000BC   641 _PS	=	0x00bc
                           0000BB   642 _PT1	=	0x00bb
                           0000BA   643 _PX1	=	0x00ba
                           0000B9   644 _PT0	=	0x00b9
                           0000B8   645 _PX0	=	0x00b8
                           0000B7   646 _P37	=	0x00b7
                           0000B6   647 _P36	=	0x00b6
                           0000B5   648 _P35	=	0x00b5
                           0000B4   649 _P34	=	0x00b4
                           0000B3   650 _P33	=	0x00b3
                           0000B2   651 _P32	=	0x00b2
                           0000B1   652 _P31	=	0x00b1
                           0000B0   653 _P30	=	0x00b0
                           0000AF   654 _EA	=	0x00af
                           0000AE   655 _EADC	=	0x00ae
                           0000AD   656 _EBOD	=	0x00ad
                           0000AC   657 _ES	=	0x00ac
                           0000AB   658 _ET1	=	0x00ab
                           0000AA   659 _EX1	=	0x00aa
                           0000A9   660 _ET0	=	0x00a9
                           0000A8   661 _EX0	=	0x00a8
                           0000A0   662 _P20	=	0x00a0
                           00009F   663 _SM0	=	0x009f
                           00009F   664 _FE	=	0x009f
                           00009E   665 _SM1	=	0x009e
                           00009D   666 _SM2	=	0x009d
                           00009C   667 _REN	=	0x009c
                           00009B   668 _TB8	=	0x009b
                           00009A   669 _RB8	=	0x009a
                           000099   670 _TI	=	0x0099
                           000098   671 _RI	=	0x0098
                           000097   672 _P17	=	0x0097
                           000096   673 _P16	=	0x0096
                           000096   674 _TXD_1	=	0x0096
                           000095   675 _P15	=	0x0095
                           000094   676 _P14	=	0x0094
                           000094   677 _SDA	=	0x0094
                           000093   678 _P13	=	0x0093
                           000093   679 _SCL	=	0x0093
                           000092   680 _P12	=	0x0092
                           000091   681 _P11	=	0x0091
                           000090   682 _P10	=	0x0090
                           00008F   683 _TF1	=	0x008f
                           00008E   684 _TR1	=	0x008e
                           00008D   685 _TF0	=	0x008d
                           00008C   686 _TR0	=	0x008c
                           00008B   687 _IE1	=	0x008b
                           00008A   688 _IT1	=	0x008a
                           000089   689 _IE0	=	0x0089
                           000088   690 _IT0	=	0x0088
                           000087   691 _P07	=	0x0087
                           000087   692 _RXD	=	0x0087
                           000086   693 _P06	=	0x0086
                           000086   694 _TXD	=	0x0086
                           000085   695 _P05	=	0x0085
                           000084   696 _P04	=	0x0084
                           000084   697 _STADC	=	0x0084
                           000083   698 _P03	=	0x0083
                           000082   699 _P02	=	0x0082
                           000082   700 _RXD_1	=	0x0082
                           000081   701 _P01	=	0x0081
                           000081   702 _MISO	=	0x0081
                           000080   703 _P00	=	0x0080
                           000080   704 _MOSI	=	0x0080
                                    705 ;--------------------------------------------------------
                                    706 ; overlayable register banks
                                    707 ;--------------------------------------------------------
                                    708 	.area REG_BANK_0	(REL,OVR,DATA)
      000000                        709 	.ds 8
                                    710 ;--------------------------------------------------------
                                    711 ; internal ram data
                                    712 ;--------------------------------------------------------
                                    713 	.area DSEG    (DATA)
                                    714 ;--------------------------------------------------------
                                    715 ; overlayable items in internal ram
                                    716 ;--------------------------------------------------------
                                    717 	.area	OSEG    (OVR,DATA)
                                    718 ;--------------------------------------------------------
                                    719 ; indirectly addressable internal ram data
                                    720 ;--------------------------------------------------------
                                    721 	.area ISEG    (DATA)
                                    722 ;--------------------------------------------------------
                                    723 ; absolute internal ram data
                                    724 ;--------------------------------------------------------
                                    725 	.area IABS    (ABS,DATA)
                                    726 	.area IABS    (ABS,DATA)
                                    727 ;--------------------------------------------------------
                                    728 ; bit data
                                    729 ;--------------------------------------------------------
                                    730 	.area BSEG    (BIT)
                                    731 ;--------------------------------------------------------
                                    732 ; paged external ram data
                                    733 ;--------------------------------------------------------
                                    734 	.area PSEG    (PAG,XDATA)
                                    735 ;--------------------------------------------------------
                                    736 ; uninitialized external ram data
                                    737 ;--------------------------------------------------------
                                    738 	.area XSEG    (XDATA)
                                    739 ;--------------------------------------------------------
                                    740 ; absolute external ram data
                                    741 ;--------------------------------------------------------
                                    742 	.area XABS    (ABS,XDATA)
                                    743 ;--------------------------------------------------------
                                    744 ; initialized external ram data
                                    745 ;--------------------------------------------------------
                                    746 	.area XISEG   (XDATA)
                                    747 	.area HOME    (CODE)
                                    748 	.area GSINIT0 (CODE)
                                    749 	.area GSINIT1 (CODE)
                                    750 	.area GSINIT2 (CODE)
                                    751 	.area GSINIT3 (CODE)
                                    752 	.area GSINIT4 (CODE)
                                    753 	.area GSINIT5 (CODE)
                                    754 	.area GSINIT  (CODE)
                                    755 	.area GSFINAL (CODE)
                                    756 	.area CSEG    (CODE)
                                    757 ;--------------------------------------------------------
                                    758 ; global & static initialisations
                                    759 ;--------------------------------------------------------
                                    760 	.area HOME    (CODE)
                                    761 	.area GSINIT  (CODE)
                                    762 	.area GSFINAL (CODE)
                                    763 	.area GSINIT  (CODE)
                                    764 ;--------------------------------------------------------
                                    765 ; Home
                                    766 ;--------------------------------------------------------
                                    767 	.area HOME    (CODE)
                                    768 	.area HOME    (CODE)
                                    769 ;--------------------------------------------------------
                                    770 ; code
                                    771 ;--------------------------------------------------------
                                    772 	.area CSEG    (CODE)
                                    773 ;------------------------------------------------------------
                                    774 ;Allocation info for local variables in function 'Enable_WDT_Reset_Config'
                                    775 ;------------------------------------------------------------
                                    776 ;	..\..\..\..\..\Library\StdDriver\src\watchdog.c:13: void Enable_WDT_Reset_Config(void)
                                    777 ;	-----------------------------------------
                                    778 ;	 function Enable_WDT_Reset_Config
                                    779 ;	-----------------------------------------
      000000                        780 _Enable_WDT_Reset_Config:
                           000007   781 	ar7 = 0x07
                           000006   782 	ar6 = 0x06
                           000005   783 	ar5 = 0x05
                           000004   784 	ar4 = 0x04
                           000003   785 	ar3 = 0x03
                           000002   786 	ar2 = 0x02
                           000001   787 	ar1 = 0x01
                           000000   788 	ar0 = 0x00
                                    789 ;	..\..\..\..\..\Library\StdDriver\src\watchdog.c:15: set_CHPCON_IAPEN;
      000000 75 91 00         [24]  790 	mov	_SFRS,#0x00
                                    791 ;	assignBit
      000003 A2 AF            [12]  792 	mov	c,_EA
      000005 92*00            [24]  793 	mov	_BIT_TMP,c
                                    794 ;	assignBit
      000007 C2 AF            [12]  795 	clr	_EA
      000009 75 C7 AA         [24]  796 	mov	_TA,#0xaa
      00000C 75 C7 55         [24]  797 	mov	_TA,#0x55
      00000F 43 9F 01         [24]  798 	orl	_CHPCON,#0x01
                                    799 ;	assignBit
      000012 A2*00            [12]  800 	mov	c,_BIT_TMP
      000014 92 AF            [24]  801 	mov	_EA,c
                                    802 ;	..\..\..\..\..\Library\StdDriver\src\watchdog.c:16: IAPAL = 0x04;
      000016 75 A6 04         [24]  803 	mov	_IAPAL,#0x04
                                    804 ;	..\..\..\..\..\Library\StdDriver\src\watchdog.c:17: IAPAH = 0x00;
      000019 75 A7 00         [24]  805 	mov	_IAPAH,#0x00
                                    806 ;	..\..\..\..\..\Library\StdDriver\src\watchdog.c:18: IAPFD = 0x0F;
      00001C 75 AE 0F         [24]  807 	mov	_IAPFD,#0x0f
                                    808 ;	..\..\..\..\..\Library\StdDriver\src\watchdog.c:19: IAPCN = BYTE_PROGRAM_CONFIG;
      00001F 75 AF E1         [24]  809 	mov	_IAPCN,#0xe1
                                    810 ;	..\..\..\..\..\Library\StdDriver\src\watchdog.c:20: set_IAPUEN_CFUEN;
                                    811 ;	assignBit
      000022 A2 AF            [12]  812 	mov	c,_EA
      000024 92*00            [24]  813 	mov	_BIT_TMP,c
                                    814 ;	assignBit
      000026 C2 AF            [12]  815 	clr	_EA
      000028 75 C7 AA         [24]  816 	mov	_TA,#0xaa
      00002B 75 C7 55         [24]  817 	mov	_TA,#0x55
      00002E 43 A5 04         [24]  818 	orl	_IAPUEN,#0x04
                                    819 ;	assignBit
      000031 A2*00            [12]  820 	mov	c,_BIT_TMP
      000033 92 AF            [24]  821 	mov	_EA,c
                                    822 ;	..\..\..\..\..\Library\StdDriver\src\watchdog.c:21: set_IAPTRG_IAPGO;                            //trigger IAP
      000035 75 91 00         [24]  823 	mov	_SFRS,#0x00
                                    824 ;	assignBit
      000038 A2 AF            [12]  825 	mov	c,_EA
      00003A 92*00            [24]  826 	mov	_BIT_TMP,c
                                    827 ;	assignBit
      00003C C2 AF            [12]  828 	clr	_EA
      00003E 75 C7 AA         [24]  829 	mov	_TA,#0xaa
      000041 75 C7 55         [24]  830 	mov	_TA,#0x55
      000044 43 A4 01         [24]  831 	orl	_IAPTRG,#0x01
                                    832 ;	assignBit
      000047 A2*00            [12]  833 	mov	c,_BIT_TMP
      000049 92 AF            [24]  834 	mov	_EA,c
                                    835 ;	..\..\..\..\..\Library\StdDriver\src\watchdog.c:23: while ((CHPCON & SET_BIT6) == SET_BIT6);     //check IAPFF (CHPCON.6)
      00004B                        836 00101$:
      00004B AE 9F            [24]  837 	mov	r6,_CHPCON
      00004D 53 06 40         [24]  838 	anl	ar6,#0x40
      000050 7F 00            [12]  839 	mov	r7,#0x00
      000052 BE 40 05         [24]  840 	cjne	r6,#0x40,00114$
      000055 BF 00 02         [24]  841 	cjne	r7,#0x00,00114$
      000058 80 F1            [24]  842 	sjmp	00101$
      00005A                        843 00114$:
                                    844 ;	..\..\..\..\..\Library\StdDriver\src\watchdog.c:25: clr_IAPUEN_CFUEN;
                                    845 ;	assignBit
      00005A A2 AF            [12]  846 	mov	c,_EA
      00005C 92*00            [24]  847 	mov	_BIT_TMP,c
                                    848 ;	assignBit
      00005E C2 AF            [12]  849 	clr	_EA
      000060 75 C7 AA         [24]  850 	mov	_TA,#0xaa
      000063 75 C7 55         [24]  851 	mov	_TA,#0x55
      000066 53 A5 FB         [24]  852 	anl	_IAPUEN,#0xfb
                                    853 ;	assignBit
      000069 A2*00            [12]  854 	mov	c,_BIT_TMP
      00006B 92 AF            [24]  855 	mov	_EA,c
                                    856 ;	..\..\..\..\..\Library\StdDriver\src\watchdog.c:26: clr_CHPCON_IAPEN;
      00006D 75 91 00         [24]  857 	mov	_SFRS,#0x00
                                    858 ;	assignBit
      000070 A2 AF            [12]  859 	mov	c,_EA
      000072 92*00            [24]  860 	mov	_BIT_TMP,c
                                    861 ;	assignBit
      000074 C2 AF            [12]  862 	clr	_EA
      000076 75 C7 AA         [24]  863 	mov	_TA,#0xaa
      000079 75 C7 55         [24]  864 	mov	_TA,#0x55
      00007C 53 9F FE         [24]  865 	anl	_CHPCON,#0xfe
                                    866 ;	assignBit
      00007F A2*00            [12]  867 	mov	c,_BIT_TMP
      000081 92 AF            [24]  868 	mov	_EA,c
                                    869 ;	..\..\..\..\..\Library\StdDriver\src\watchdog.c:27: set_CHPCON_SWRST;
      000083 75 91 00         [24]  870 	mov	_SFRS,#0x00
                                    871 ;	assignBit
      000086 A2 AF            [12]  872 	mov	c,_EA
      000088 92*00            [24]  873 	mov	_BIT_TMP,c
                                    874 ;	assignBit
      00008A C2 AF            [12]  875 	clr	_EA
      00008C 75 C7 AA         [24]  876 	mov	_TA,#0xaa
      00008F 75 C7 55         [24]  877 	mov	_TA,#0x55
      000092 43 9F 80         [24]  878 	orl	_CHPCON,#0x80
                                    879 ;	assignBit
      000095 A2*00            [12]  880 	mov	c,_BIT_TMP
      000097 92 AF            [24]  881 	mov	_EA,c
                                    882 ;	..\..\..\..\..\Library\StdDriver\src\watchdog.c:28: }
      000099 22               [24]  883 	ret
                                    884 ;------------------------------------------------------------
                                    885 ;Allocation info for local variables in function 'Disable_WDT_Reset_Config'
                                    886 ;------------------------------------------------------------
                                    887 ;cf0                       Allocated to registers r7 
                                    888 ;cf1                       Allocated to registers r6 
                                    889 ;cf2                       Allocated to registers r5 
                                    890 ;cf3                       Allocated to registers r4 
                                    891 ;cf4                       Allocated to registers r3 
                                    892 ;------------------------------------------------------------
                                    893 ;	..\..\..\..\..\Library\StdDriver\src\watchdog.c:39: void Disable_WDT_Reset_Config(void)
                                    894 ;	-----------------------------------------
                                    895 ;	 function Disable_WDT_Reset_Config
                                    896 ;	-----------------------------------------
      00009A                        897 _Disable_WDT_Reset_Config:
                                    898 ;	..\..\..\..\..\Library\StdDriver\src\watchdog.c:43: set_CHPCON_IAPEN;
      00009A 75 91 00         [24]  899 	mov	_SFRS,#0x00
                                    900 ;	assignBit
      00009D A2 AF            [12]  901 	mov	c,_EA
      00009F 92*00            [24]  902 	mov	_BIT_TMP,c
                                    903 ;	assignBit
      0000A1 C2 AF            [12]  904 	clr	_EA
      0000A3 75 C7 AA         [24]  905 	mov	_TA,#0xaa
      0000A6 75 C7 55         [24]  906 	mov	_TA,#0x55
      0000A9 43 9F 01         [24]  907 	orl	_CHPCON,#0x01
                                    908 ;	assignBit
      0000AC A2*00            [12]  909 	mov	c,_BIT_TMP
      0000AE 92 AF            [24]  910 	mov	_EA,c
                                    911 ;	..\..\..\..\..\Library\StdDriver\src\watchdog.c:44: IAPAL = 0x00;
      0000B0 75 A6 00         [24]  912 	mov	_IAPAL,#0x00
                                    913 ;	..\..\..\..\..\Library\StdDriver\src\watchdog.c:45: IAPAH = 0x00;
      0000B3 75 A7 00         [24]  914 	mov	_IAPAH,#0x00
                                    915 ;	..\..\..\..\..\Library\StdDriver\src\watchdog.c:46: IAPCN = BYTE_READ_CONFIG;
      0000B6 75 AF C0         [24]  916 	mov	_IAPCN,#0xc0
                                    917 ;	..\..\..\..\..\Library\StdDriver\src\watchdog.c:47: set_IAPTRG_IAPGO;                                  //Storage CONFIG0 data
      0000B9 75 91 00         [24]  918 	mov	_SFRS,#0x00
                                    919 ;	assignBit
      0000BC A2 AF            [12]  920 	mov	c,_EA
      0000BE 92*00            [24]  921 	mov	_BIT_TMP,c
                                    922 ;	assignBit
      0000C0 C2 AF            [12]  923 	clr	_EA
      0000C2 75 C7 AA         [24]  924 	mov	_TA,#0xaa
      0000C5 75 C7 55         [24]  925 	mov	_TA,#0x55
      0000C8 43 A4 01         [24]  926 	orl	_IAPTRG,#0x01
                                    927 ;	assignBit
      0000CB A2*00            [12]  928 	mov	c,_BIT_TMP
      0000CD 92 AF            [24]  929 	mov	_EA,c
                                    930 ;	..\..\..\..\..\Library\StdDriver\src\watchdog.c:48: cf0 = IAPFD;
      0000CF AF AE            [24]  931 	mov	r7,_IAPFD
                                    932 ;	..\..\..\..\..\Library\StdDriver\src\watchdog.c:49: IAPAL = 0x01;
      0000D1 75 A6 01         [24]  933 	mov	_IAPAL,#0x01
                                    934 ;	..\..\..\..\..\Library\StdDriver\src\watchdog.c:50: set_IAPTRG_IAPGO;                                  //Storage CONFIG1 data
      0000D4 75 91 00         [24]  935 	mov	_SFRS,#0x00
                                    936 ;	assignBit
      0000D7 A2 AF            [12]  937 	mov	c,_EA
      0000D9 92*00            [24]  938 	mov	_BIT_TMP,c
                                    939 ;	assignBit
      0000DB C2 AF            [12]  940 	clr	_EA
      0000DD 75 C7 AA         [24]  941 	mov	_TA,#0xaa
      0000E0 75 C7 55         [24]  942 	mov	_TA,#0x55
      0000E3 43 A4 01         [24]  943 	orl	_IAPTRG,#0x01
                                    944 ;	assignBit
      0000E6 A2*00            [12]  945 	mov	c,_BIT_TMP
      0000E8 92 AF            [24]  946 	mov	_EA,c
                                    947 ;	..\..\..\..\..\Library\StdDriver\src\watchdog.c:51: cf1 = IAPFD;
      0000EA AE AE            [24]  948 	mov	r6,_IAPFD
                                    949 ;	..\..\..\..\..\Library\StdDriver\src\watchdog.c:52: IAPAL = 0x02;
      0000EC 75 A6 02         [24]  950 	mov	_IAPAL,#0x02
                                    951 ;	..\..\..\..\..\Library\StdDriver\src\watchdog.c:53: set_IAPTRG_IAPGO;                                  //Storage CONFIG2 data
      0000EF 75 91 00         [24]  952 	mov	_SFRS,#0x00
                                    953 ;	assignBit
      0000F2 A2 AF            [12]  954 	mov	c,_EA
      0000F4 92*00            [24]  955 	mov	_BIT_TMP,c
                                    956 ;	assignBit
      0000F6 C2 AF            [12]  957 	clr	_EA
      0000F8 75 C7 AA         [24]  958 	mov	_TA,#0xaa
      0000FB 75 C7 55         [24]  959 	mov	_TA,#0x55
      0000FE 43 A4 01         [24]  960 	orl	_IAPTRG,#0x01
                                    961 ;	assignBit
      000101 A2*00            [12]  962 	mov	c,_BIT_TMP
      000103 92 AF            [24]  963 	mov	_EA,c
                                    964 ;	..\..\..\..\..\Library\StdDriver\src\watchdog.c:54: cf2 = IAPFD;
      000105 AD AE            [24]  965 	mov	r5,_IAPFD
                                    966 ;	..\..\..\..\..\Library\StdDriver\src\watchdog.c:55: IAPAL = 0x03;
      000107 75 A6 03         [24]  967 	mov	_IAPAL,#0x03
                                    968 ;	..\..\..\..\..\Library\StdDriver\src\watchdog.c:56: set_IAPTRG_IAPGO;                                  //Storage CONFIG3 data
      00010A 75 91 00         [24]  969 	mov	_SFRS,#0x00
                                    970 ;	assignBit
      00010D A2 AF            [12]  971 	mov	c,_EA
      00010F 92*00            [24]  972 	mov	_BIT_TMP,c
                                    973 ;	assignBit
      000111 C2 AF            [12]  974 	clr	_EA
      000113 75 C7 AA         [24]  975 	mov	_TA,#0xaa
      000116 75 C7 55         [24]  976 	mov	_TA,#0x55
      000119 43 A4 01         [24]  977 	orl	_IAPTRG,#0x01
                                    978 ;	assignBit
      00011C A2*00            [12]  979 	mov	c,_BIT_TMP
      00011E 92 AF            [24]  980 	mov	_EA,c
                                    981 ;	..\..\..\..\..\Library\StdDriver\src\watchdog.c:57: cf3 = IAPFD;
      000120 AC AE            [24]  982 	mov	r4,_IAPFD
                                    983 ;	..\..\..\..\..\Library\StdDriver\src\watchdog.c:58: IAPAL = 0x04;
      000122 75 A6 04         [24]  984 	mov	_IAPAL,#0x04
                                    985 ;	..\..\..\..\..\Library\StdDriver\src\watchdog.c:59: set_IAPTRG_IAPGO;                                  //Storage CONFIG4 data
      000125 75 91 00         [24]  986 	mov	_SFRS,#0x00
                                    987 ;	assignBit
      000128 A2 AF            [12]  988 	mov	c,_EA
      00012A 92*00            [24]  989 	mov	_BIT_TMP,c
                                    990 ;	assignBit
      00012C C2 AF            [12]  991 	clr	_EA
      00012E 75 C7 AA         [24]  992 	mov	_TA,#0xaa
      000131 75 C7 55         [24]  993 	mov	_TA,#0x55
      000134 43 A4 01         [24]  994 	orl	_IAPTRG,#0x01
                                    995 ;	assignBit
      000137 A2*00            [12]  996 	mov	c,_BIT_TMP
      000139 92 AF            [24]  997 	mov	_EA,c
                                    998 ;	..\..\..\..\..\Library\StdDriver\src\watchdog.c:60: cf4 = IAPFD;
      00013B E5 AE            [12]  999 	mov	a,_IAPFD
                                   1000 ;	..\..\..\..\..\Library\StdDriver\src\watchdog.c:61: cf4 |= 0xF0;                                      //Moidfy Storage CONFIG4 data disable WDT reset
      00013D 44 F0            [12] 1001 	orl	a,#0xf0
      00013F FB               [12] 1002 	mov	r3,a
                                   1003 ;	..\..\..\..\..\Library\StdDriver\src\watchdog.c:63: set_IAPUEN_CFUEN;
                                   1004 ;	assignBit
      000140 A2 AF            [12] 1005 	mov	c,_EA
      000142 92*00            [24] 1006 	mov	_BIT_TMP,c
                                   1007 ;	assignBit
      000144 C2 AF            [12] 1008 	clr	_EA
      000146 75 C7 AA         [24] 1009 	mov	_TA,#0xaa
      000149 75 C7 55         [24] 1010 	mov	_TA,#0x55
      00014C 43 A5 04         [24] 1011 	orl	_IAPUEN,#0x04
                                   1012 ;	assignBit
      00014F A2*00            [12] 1013 	mov	c,_BIT_TMP
      000151 92 AF            [24] 1014 	mov	_EA,c
                                   1015 ;	..\..\..\..\..\Library\StdDriver\src\watchdog.c:64: IAPCN = PAGE_ERASE_CONFIG;                        //Erase CONFIG all
      000153 75 AF E2         [24] 1016 	mov	_IAPCN,#0xe2
                                   1017 ;	..\..\..\..\..\Library\StdDriver\src\watchdog.c:65: IAPAH = 0x00;
      000156 75 A7 00         [24] 1018 	mov	_IAPAH,#0x00
                                   1019 ;	..\..\..\..\..\Library\StdDriver\src\watchdog.c:66: IAPAL = 0x00;
      000159 75 A6 00         [24] 1020 	mov	_IAPAL,#0x00
                                   1021 ;	..\..\..\..\..\Library\StdDriver\src\watchdog.c:67: IAPFD = 0xFF;
      00015C 75 AE FF         [24] 1022 	mov	_IAPFD,#0xff
                                   1023 ;	..\..\..\..\..\Library\StdDriver\src\watchdog.c:68: set_IAPTRG_IAPGO;
      00015F 75 91 00         [24] 1024 	mov	_SFRS,#0x00
                                   1025 ;	assignBit
      000162 A2 AF            [12] 1026 	mov	c,_EA
      000164 92*00            [24] 1027 	mov	_BIT_TMP,c
                                   1028 ;	assignBit
      000166 C2 AF            [12] 1029 	clr	_EA
      000168 75 C7 AA         [24] 1030 	mov	_TA,#0xaa
      00016B 75 C7 55         [24] 1031 	mov	_TA,#0x55
      00016E 43 A4 01         [24] 1032 	orl	_IAPTRG,#0x01
                                   1033 ;	assignBit
      000171 A2*00            [12] 1034 	mov	c,_BIT_TMP
      000173 92 AF            [24] 1035 	mov	_EA,c
                                   1036 ;	..\..\..\..\..\Library\StdDriver\src\watchdog.c:70: IAPCN = BYTE_PROGRAM_CONFIG;                    //Write CONFIG
      000175 75 AF E1         [24] 1037 	mov	_IAPCN,#0xe1
                                   1038 ;	..\..\..\..\..\Library\StdDriver\src\watchdog.c:71: IAPFD = cf0;
      000178 8F AE            [24] 1039 	mov	_IAPFD,r7
                                   1040 ;	..\..\..\..\..\Library\StdDriver\src\watchdog.c:72: set_IAPTRG_IAPGO;
      00017A 75 91 00         [24] 1041 	mov	_SFRS,#0x00
                                   1042 ;	assignBit
      00017D A2 AF            [12] 1043 	mov	c,_EA
      00017F 92*00            [24] 1044 	mov	_BIT_TMP,c
                                   1045 ;	assignBit
      000181 C2 AF            [12] 1046 	clr	_EA
      000183 75 C7 AA         [24] 1047 	mov	_TA,#0xaa
      000186 75 C7 55         [24] 1048 	mov	_TA,#0x55
      000189 43 A4 01         [24] 1049 	orl	_IAPTRG,#0x01
                                   1050 ;	assignBit
      00018C A2*00            [12] 1051 	mov	c,_BIT_TMP
      00018E 92 AF            [24] 1052 	mov	_EA,c
                                   1053 ;	..\..\..\..\..\Library\StdDriver\src\watchdog.c:73: IAPAL = 0x01;
      000190 75 A6 01         [24] 1054 	mov	_IAPAL,#0x01
                                   1055 ;	..\..\..\..\..\Library\StdDriver\src\watchdog.c:74: IAPFD = cf1;
      000193 8E AE            [24] 1056 	mov	_IAPFD,r6
                                   1057 ;	..\..\..\..\..\Library\StdDriver\src\watchdog.c:75: set_IAPTRG_IAPGO;
      000195 75 91 00         [24] 1058 	mov	_SFRS,#0x00
                                   1059 ;	assignBit
      000198 A2 AF            [12] 1060 	mov	c,_EA
      00019A 92*00            [24] 1061 	mov	_BIT_TMP,c
                                   1062 ;	assignBit
      00019C C2 AF            [12] 1063 	clr	_EA
      00019E 75 C7 AA         [24] 1064 	mov	_TA,#0xaa
      0001A1 75 C7 55         [24] 1065 	mov	_TA,#0x55
      0001A4 43 A4 01         [24] 1066 	orl	_IAPTRG,#0x01
                                   1067 ;	assignBit
      0001A7 A2*00            [12] 1068 	mov	c,_BIT_TMP
      0001A9 92 AF            [24] 1069 	mov	_EA,c
                                   1070 ;	..\..\..\..\..\Library\StdDriver\src\watchdog.c:76: IAPAL = 0x02;
      0001AB 75 A6 02         [24] 1071 	mov	_IAPAL,#0x02
                                   1072 ;	..\..\..\..\..\Library\StdDriver\src\watchdog.c:77: IAPFD = cf2;
      0001AE 8D AE            [24] 1073 	mov	_IAPFD,r5
                                   1074 ;	..\..\..\..\..\Library\StdDriver\src\watchdog.c:78: set_IAPTRG_IAPGO;
      0001B0 75 91 00         [24] 1075 	mov	_SFRS,#0x00
                                   1076 ;	assignBit
      0001B3 A2 AF            [12] 1077 	mov	c,_EA
      0001B5 92*00            [24] 1078 	mov	_BIT_TMP,c
                                   1079 ;	assignBit
      0001B7 C2 AF            [12] 1080 	clr	_EA
      0001B9 75 C7 AA         [24] 1081 	mov	_TA,#0xaa
      0001BC 75 C7 55         [24] 1082 	mov	_TA,#0x55
      0001BF 43 A4 01         [24] 1083 	orl	_IAPTRG,#0x01
                                   1084 ;	assignBit
      0001C2 A2*00            [12] 1085 	mov	c,_BIT_TMP
      0001C4 92 AF            [24] 1086 	mov	_EA,c
                                   1087 ;	..\..\..\..\..\Library\StdDriver\src\watchdog.c:79: IAPAL = 0x03;
      0001C6 75 A6 03         [24] 1088 	mov	_IAPAL,#0x03
                                   1089 ;	..\..\..\..\..\Library\StdDriver\src\watchdog.c:80: IAPFD = cf3;
      0001C9 8C AE            [24] 1090 	mov	_IAPFD,r4
                                   1091 ;	..\..\..\..\..\Library\StdDriver\src\watchdog.c:81: set_IAPTRG_IAPGO;
      0001CB 75 91 00         [24] 1092 	mov	_SFRS,#0x00
                                   1093 ;	assignBit
      0001CE A2 AF            [12] 1094 	mov	c,_EA
      0001D0 92*00            [24] 1095 	mov	_BIT_TMP,c
                                   1096 ;	assignBit
      0001D2 C2 AF            [12] 1097 	clr	_EA
      0001D4 75 C7 AA         [24] 1098 	mov	_TA,#0xaa
      0001D7 75 C7 55         [24] 1099 	mov	_TA,#0x55
      0001DA 43 A4 01         [24] 1100 	orl	_IAPTRG,#0x01
                                   1101 ;	assignBit
      0001DD A2*00            [12] 1102 	mov	c,_BIT_TMP
      0001DF 92 AF            [24] 1103 	mov	_EA,c
                                   1104 ;	..\..\..\..\..\Library\StdDriver\src\watchdog.c:82: IAPAL = 0x04;
      0001E1 75 A6 04         [24] 1105 	mov	_IAPAL,#0x04
                                   1106 ;	..\..\..\..\..\Library\StdDriver\src\watchdog.c:83: IAPFD = cf4;
      0001E4 8B AE            [24] 1107 	mov	_IAPFD,r3
                                   1108 ;	..\..\..\..\..\Library\StdDriver\src\watchdog.c:84: set_IAPTRG_IAPGO;
      0001E6 75 91 00         [24] 1109 	mov	_SFRS,#0x00
                                   1110 ;	assignBit
      0001E9 A2 AF            [12] 1111 	mov	c,_EA
      0001EB 92*00            [24] 1112 	mov	_BIT_TMP,c
                                   1113 ;	assignBit
      0001ED C2 AF            [12] 1114 	clr	_EA
      0001EF 75 C7 AA         [24] 1115 	mov	_TA,#0xaa
      0001F2 75 C7 55         [24] 1116 	mov	_TA,#0x55
      0001F5 43 A4 01         [24] 1117 	orl	_IAPTRG,#0x01
                                   1118 ;	assignBit
      0001F8 A2*00            [12] 1119 	mov	c,_BIT_TMP
      0001FA 92 AF            [24] 1120 	mov	_EA,c
                                   1121 ;	..\..\..\..\..\Library\StdDriver\src\watchdog.c:86: set_IAPUEN_CFUEN;
                                   1122 ;	assignBit
      0001FC A2 AF            [12] 1123 	mov	c,_EA
      0001FE 92*00            [24] 1124 	mov	_BIT_TMP,c
                                   1125 ;	assignBit
      000200 C2 AF            [12] 1126 	clr	_EA
      000202 75 C7 AA         [24] 1127 	mov	_TA,#0xaa
      000205 75 C7 55         [24] 1128 	mov	_TA,#0x55
      000208 43 A5 04         [24] 1129 	orl	_IAPUEN,#0x04
                                   1130 ;	assignBit
      00020B A2*00            [12] 1131 	mov	c,_BIT_TMP
      00020D 92 AF            [24] 1132 	mov	_EA,c
                                   1133 ;	..\..\..\..\..\Library\StdDriver\src\watchdog.c:87: clr_CHPCON_IAPEN;
      00020F 75 91 00         [24] 1134 	mov	_SFRS,#0x00
                                   1135 ;	assignBit
      000212 A2 AF            [12] 1136 	mov	c,_EA
      000214 92*00            [24] 1137 	mov	_BIT_TMP,c
                                   1138 ;	assignBit
      000216 C2 AF            [12] 1139 	clr	_EA
      000218 75 C7 AA         [24] 1140 	mov	_TA,#0xaa
      00021B 75 C7 55         [24] 1141 	mov	_TA,#0x55
      00021E 53 9F FE         [24] 1142 	anl	_CHPCON,#0xfe
                                   1143 ;	assignBit
      000221 A2*00            [12] 1144 	mov	c,_BIT_TMP
      000223 92 AF            [24] 1145 	mov	_EA,c
                                   1146 ;	..\..\..\..\..\Library\StdDriver\src\watchdog.c:89: if (WDCON & SET_BIT3)
      000225 E5 AA            [12] 1147 	mov	a,_WDCON
      000227 30 E3 2C         [24] 1148 	jnb	acc.3,00103$
                                   1149 ;	..\..\..\..\..\Library\StdDriver\src\watchdog.c:91: clr_WDCON_WDTRF;
      00022A 75 91 00         [24] 1150 	mov	_SFRS,#0x00
                                   1151 ;	assignBit
      00022D A2 AF            [12] 1152 	mov	c,_EA
      00022F 92*00            [24] 1153 	mov	_BIT_TMP,c
                                   1154 ;	assignBit
      000231 C2 AF            [12] 1155 	clr	_EA
      000233 75 C7 AA         [24] 1156 	mov	_TA,#0xaa
      000236 75 C7 55         [24] 1157 	mov	_TA,#0x55
      000239 53 AA F7         [24] 1158 	anl	_WDCON,#0xf7
                                   1159 ;	assignBit
      00023C A2*00            [12] 1160 	mov	c,_BIT_TMP
      00023E 92 AF            [24] 1161 	mov	_EA,c
                                   1162 ;	..\..\..\..\..\Library\StdDriver\src\watchdog.c:92: set_CHPCON_SWRST;
      000240 75 91 00         [24] 1163 	mov	_SFRS,#0x00
                                   1164 ;	assignBit
      000243 A2 AF            [12] 1165 	mov	c,_EA
      000245 92*00            [24] 1166 	mov	_BIT_TMP,c
                                   1167 ;	assignBit
      000247 C2 AF            [12] 1168 	clr	_EA
      000249 75 C7 AA         [24] 1169 	mov	_TA,#0xaa
      00024C 75 C7 55         [24] 1170 	mov	_TA,#0x55
      00024F 43 9F 80         [24] 1171 	orl	_CHPCON,#0x80
                                   1172 ;	assignBit
      000252 A2*00            [12] 1173 	mov	c,_BIT_TMP
      000254 92 AF            [24] 1174 	mov	_EA,c
      000256                       1175 00103$:
                                   1176 ;	..\..\..\..\..\Library\StdDriver\src\watchdog.c:94: }
      000256 22               [24] 1177 	ret
                                   1178 	.area CSEG    (CODE)
                                   1179 	.area CONST   (CODE)
                                   1180 	.area XINIT   (CODE)
                                   1181 	.area CABS    (ABS,CODE)
